::1 - - [19/Apr/2022:10:20:15 +0000] "GET / HTTP/1.1" 200 218
::1 - - [19/Apr/2022:10:20:15 +0000] "GET /stylesheets/style.css HTTP/1.1" 200 119
::1 - - [19/Apr/2022:10:20:15 +0000] "GET /favicon.ico HTTP/1.1" 404 876
::1 - - [19/Apr/2022:10:21:08 +0000] "GET /petition/getAll HTTP/1.1" 200 1538
::1 - - [19/Apr/2022:10:24:16 +0000] "GET /petition/getOne/625e809df1a90100949ad0f7 HTTP/1.1" 200 219
::1 - - [19/Apr/2022:10:24:30 +0000] "GET /petition/getOne/625e809df1a90100949ad0f HTTP/1.1" 400 102
::1 - - [19/Apr/2022:10:24:44 +0000] "GET /petition/getOne/625e809df1a90100949ad0f8 HTTP/1.1" 304 -
::1 - - [19/Apr/2022:10:24:48 +0000] "GET /petition/getOne/625e809df1a90100949ad0f7 HTTP/1.1" 304 -
::1 - - [19/Apr/2022:10:27:05 +0000] "GET /petition/getOne/625e809df1a90100949ad0f7 HTTP/1.1" 304 -
::1 - - [19/Apr/2022:10:27:10 +0000] "GET /petition/getOne/625e809df1a90100949ad0f HTTP/1.1" 400 102
::1 - - [19/Apr/2022:10:28:15 +0000] "GET /agent/getAll HTTP/1.1" 304 -
::1 - - [19/Apr/2022:10:29:20 +0000] "GET /petition/getAll HTTP/1.1" 304 -
::1 - - [19/Apr/2022:10:29:43 +0000] "DELETE /petition/delete/625e809df1a90100949ad0f8 HTTP/1.1" 200 54
::1 - - [19/Apr/2022:10:29:52 +0000] "GET /petition/getOne/625e809df1a90100949ad0f8 HTTP/1.1" 200 218
::1 - - [19/Apr/2022:10:32:09 +0000] "POST /agent/create HTTP/1.1" 200 56
::1 - - [19/Apr/2022:10:32:18 +0000] "GET /agent/getAll HTTP/1.1" 200 381
::1 - - [19/Apr/2022:10:32:28 +0000] "GET /agent/getOne/625e8fa97b87b87067ece61e HTTP/1.1" 200 187
::1 - - [19/Apr/2022:10:33:05 +0000] "PATCH /agent/update/625e8fa97b87b87067ece61e HTTP/1.1" 200 65
::1 - - [19/Apr/2022:10:33:12 +0000] "GET /agent/getOne/625e8fa97b87b87067ece61e HTTP/1.1" 200 164
::1 - - [19/Apr/2022:10:33:20 +0000] "DELETE /agent/delete/625e8fa97b87b87067ece61e HTTP/1.1" 200 23
::1 - - [19/Apr/2022:10:33:26 +0000] "GET /agent/getOne/625e8fa97b87b87067ece61e HTTP/1.1" 404 37
::1 - - [19/Apr/2022:10:33:34 +0000] "GET /villager/getAll HTTP/1.1" 200 1120
::1 - - [19/Apr/2022:10:34:09 +0000] "DELETE /petition/delete/624fdb172c238ba9c0261c66 HTTP/1.1" 200 54
::1 - - [19/Apr/2022:10:34:25 +0000] "GET /petition/getAll HTTP/1.1" 200 658
::1 - - [19/Apr/2022:10:34:38 +0000] "GET /villager/getOne/624fdb172c238ba9c0261c66 HTTP/1.1" 200 1118
::1 - - [19/Apr/2022:10:34:51 +0000] "DELETE /villager/delete/624fdb172c238ba9c0261c66 HTTP/1.1" 200 25
::1 - - [19/Apr/2022:10:35:00 +0000] "GET /petition/getOne/624fdb172c238ba9c0261c66 HTTP/1.1" 404 37
::1 - - [19/Apr/2022:10:35:05 +0000] "GET /petition/getAll HTTP/1.1" 404 44
::1 - - [19/Apr/2022:10:35:16 +0000] "GET /petition/getAll HTTP/1.1" 404 44
::1 - - [19/Apr/2022:10:36:19 +0000] "GET /villager/getAll HTTP/1.1" 404 44
::1 - - [19/Apr/2022:10:39:32 +0000] "POST /villager/create HTTP/1.1" 200 453
::1 - - [19/Apr/2022:10:40:22 +0000] "PATCH /villager/update/undefined HTTP/1.1" 400 110
::1 - - [19/Apr/2022:10:42:41 +0000] "GET /villager/getAll HTTP/1.1" 200 455
::1 - - [19/Apr/2022:10:42:54 +0000] "GET /petition/getAll HTTP/1.1" 404 44
::1 - - [19/Apr/2022:10:43:31 +0000] "POST /petition/create/625e91647b87b87067ece636 HTTP/1.1" 200 30
::1 - - [19/Apr/2022:10:47:05 +0000] "GET /petition/getAll HTTP/1.1" 200 221
::1 - - [19/Apr/2022:10:47:24 +0000] "GET /petition/getOne/625e92537b87b87067ece63d HTTP/1.1" 200 219
::1 - - [19/Apr/2022:10:47:29 +0000] "GET /petition/getOne/625e92537b87b87067ece63a HTTP/1.1" 200 219
::1 - - [19/Apr/2022:10:54:29 +0000] "GET /petition/getOne/625e92537b87b87067ece63a HTTP/1.1" 200 672
::1 - - [19/Apr/2022:10:54:40 +0000] "GET /petition/getOne/625e92537b87b87067ece63a HTTP/1.1" 200 221
::1 - - [19/Apr/2022:10:55:16 +0000] "GET /petition/getOne/%7Bid%7D HTTP/1.1" 400 83
::1 - - [19/Apr/2022:10:55:22 +0000] "GET /petition/getOne/625e92537b87b87067ece63d HTTP/1.1" 200 26
::1 - - [19/Apr/2022:10:55:28 +0000] "GET /petition/getOne/625e92537b87b87067ece63a HTTP/1.1" 200 26
::1 - - [19/Apr/2022:10:56:38 +0000] "GET /petition/getOne/625e92537b87b87067ece63a HTTP/1.1" 200 2
::1 - - [19/Apr/2022:10:56:42 +0000] "GET /petition/getOne/625e92537b87b87067ece63d HTTP/1.1" 200 219
::1 - - [19/Apr/2022:10:58:17 +0000] "GET /petition/getOne/625e92537b87b87067ece63d HTTP/1.1" 304 -
::1 - - [19/Apr/2022:10:58:21 +0000] "GET /petition/getOne/625e92537b87b87067ece63a HTTP/1.1" 304 -
::ffff:127.0.0.1 - - [19/Apr/2022:10:58:47 +0000] "GET /petition/getOne/625e92537b87b87067ece63a HTTP/1.1" 304 -
::ffff:127.0.0.1 - - [19/Apr/2022:10:58:50 +0000] "GET /petition/getOne/625e92537b87b87067ece63a HTTP/1.1" 304 -
::1 - - [19/Apr/2022:10:59:36 +0000] "GET /petition/getOne/625e92537b87b87067ece63a HTTP/1.1" 404 49
::1 - - [19/Apr/2022:10:59:39 +0000] "GET /petition/getOne/625e92537b87b87067ece63d HTTP/1.1" 304 -
::1 - - [19/Apr/2022:10:59:44 +0000] "GET /petition/getOne/625e92537b87b87067ece63d HTTP/1.1" 304 -
::1 - - [19/Apr/2022:11:01:32 +0000] "GET /petition/filterByStatus?status=test HTTP/1.1" 200 221
::1 - - [19/Apr/2022:11:01:38 +0000] "GET /petition/filterByStatus?status=testt HTTP/1.1" 404 18
::1 - - [19/Apr/2022:11:02:05 +0000] "GET /agent/getAll HTTP/1.1" 200 193
::1 - - [19/Apr/2022:11:02:28 +0000] "PATCH /petition/update/625e92537b87b87067ece63d HTTP/1.1" 200 58
::1 - - [19/Apr/2022:11:02:34 +0000] "PATCH /petition/update/625e92537b87b87067ece63d HTTP/1.1" 200 58
::1 - - [19/Apr/2022:11:02:52 +0000] "GET /petition/getOne/625e92537b87b87067ece63d HTTP/1.1" 200 218
::1 - - [19/Apr/2022:11:04:07 +0000] "DELETE /petition/delete/625d21056ad082b81028cf76 HTTP/1.1" 200 54
::1 - - [19/Apr/2022:11:04:12 +0000] "GET /petition/getOne/625e92537b87b87067ece63d HTTP/1.1" 304 -
::1 - - [19/Apr/2022:11:04:14 +0000] "GET /petition/getOne/625e92537b87b87067ece63d HTTP/1.1" 304 -
::1 - - [19/Apr/2022:11:04:23 +0000] "GET /petition/getAll HTTP/1.1" 200 660
::1 - - [19/Apr/2022:11:04:39 +0000] "DELETE /petition/delete/625e92537b87b87067ece63d HTTP/1.1" 200 54
::1 - - [19/Apr/2022:11:04:49 +0000] "GET /petition/getOne/625e92537b87b87067ece63d HTTP/1.1" 200 219
::1 - - [19/Apr/2022:11:04:52 +0000] "GET /petition/getOne/625e92537b87b87067ece63d HTTP/1.1" 304 -
::1 - - [19/Apr/2022:11:05:46 +0000] "DELETE /petition/delete/625e92537b87b87067ece63d HTTP/1.1" 200 54
::1 - - [19/Apr/2022:11:06:03 +0000] "GET /petition/getAll HTTP/1.1" 404 44
