{"level":"info","message":"log❯❯▶ Connected to DB !!"}
{"level":"info","message":"log❯❯▶ Connected to DB !!"}
{"level":"info","message":"log❯❯▶ Connected to DB !!"}
{"level":"info","message":"log❯❯▶ Connected to DB !!"}
{"level":"info","message":"log❯❯▶ Connected to DB !!"}
{"level":"info","message":"log❯❯▶ Connected to DB !!"}
{"level":"info","message":"log❯❯▶ Connected to DB !!"}
{"level":"info","message":"log❯❯▶ Connected to DB !!"}
{"level":"info","message":"log❯❯▶ Connected to DB !!"}
{"level":"info","message":"log❯❯▶ Connected to DB !!"}
{"level":"info","message":"log❯❯▶ Connected to DB !!"}
{"level":"info","message":"log❯❯▶ Connected to DB !!"}
{"level":"info","message":"log❯❯▶ Connected to DB !!"}
{"level":"info","message":"log❯❯▶ Connected to DB !!"}
{"level":"info","message":"log❯❯▶ Connected to DB !!"}
{"level":"info","message":"log❯❯▶ Connected to DB !!"}
{"level":"info","message":"log❯❯▶ Connected to DB !!"}
{"level":"info","message":"log❯❯▶ Connected to DB !!"}
{"level":"info","message":"log❯❯▶ Connected to DB !!"}
{"level":"info","message":"log❯❯▶ Connected to DB !!"}
{"level":"info","message":"log❯❯▶ Connected to DB !!"}
{"level":"info","message":"log❯❯▶ Connected to DB !!"}
{"level":"info","message":"log❯❯▶ Connected to DB !!"}
{"level":"info","message":"log❯❯▶ Connected to DB !!"}
{"level":"info","message":"log❯❯▶ Connected to DB !!"}
{"level":"info","message":"log❯❯▶ Connected to DB !!"}
{"level":"info","message":"log❯❯▶ Connected to DB !!"}
{"level":"info","message":"log❯❯▶ Connected to DB !!"}
{"level":"info","message":"log❯❯▶ Connected to DB !!"}
{"level":"info","message":"log❯❯▶ Connected to DB !!"}
{"level":"info","message":"log❯❯▶ Connected to DB !!"}
{"level":"info","message":"log❯❯▶ Connected to DB !!"}
{"level":"info","message":"log❯❯▶ Connected to DB !!"}
{"level":"info","message":"log❯❯▶ Connected to DB !!"}
{"level":"info","message":"log❯❯▶ Connected to DB !!"}
{"level":"info","message":"log❯❯▶ Connected to DB !!"}
{"level":"info","message":"log❯❯▶ Connected to DB !!"}
{"level":"info","message":"log❯❯▶ Connected to DB !!"}
{"level":"info","message":"log❯❯▶ Connected to DB !!"}
{"level":"info","message":"log❯❯▶ Connected to DB !!"}
{"level":"info","message":"log❯❯▶ Connected to DB !!"}
{"level":"info","message":"log❯❯▶ Connected to DB !!"}
{"level":"info","message":"log❯❯▶ Connected to DB !!"}
{"level":"info","message":"log❯❯▶ Connected to DB !!"}
{"level":"info","message":"log❯❯▶ Connected to DB !!"}
{"level":"info","message":"log❯❯▶ Connected to DB !!"}
{"level":"info","message":"log❯❯▶ Connected to DB !!"}
{"level":"info","message":"log❯❯▶ Connected to DB !!"}
{"level":"info","message":"log❯❯▶ Connected to DB !!"}
{"level":"info","message":"log❯❯▶ Connected to DB !!"}
{"level":"info","message":"log❯❯▶ Connected to DB !!"}
{"level":"info","message":"log❯❯▶ Connected to DB !!"}
{"level":"info","message":"log❯❯▶ Connected to DB !!"}
{"level":"info","message":"log❯❯▶ Connected to DB !!"}
{"level":"info","message":"log❯❯▶ Connected to DB !!"}
{"level":"info","message":"log❯❯▶ Connected to DB !!"}
{"level":"info","message":"log❯❯▶ Connected to DB !!"}
{"level":"info","message":"log❯❯▶ Connected to DB !!"}
{"level":"info","message":"log❯❯▶ Connected to DB !!"}
{"level":"info","message":"log❯❯▶ Connected to DB !!"}
{"level":"info","message":"log❯❯▶ Connected to DB !!"}
{"level":"info","message":"log❯❯▶ Connected to DB !!"}
{"level":"info","message":"log❯❯▶ Connected to DB !!"}
{"level":"info","message":"log❯❯▶ Connected to DB !!"}
{"level":"info","message":"log❯❯▶ Connected to DB !!"}
{"level":"info","message":"log❯❯▶ Connected to DB !!"}
{"level":"info","message":"log❯❯▶ Connected to DB !!"}
{"level":"info","message":"log❯❯▶ Connected to DB !!"}
{"level":"info","message":"log❯❯▶ Connected to DB !!"}
{"level":"info","message":"log❯❯▶ Connected to DB !!"}
{"level":"info","message":"log❯❯▶ Connected to DB !!"}
{"level":"info","message":"log❯❯▶ Connected to DB !!"}
{"level":"info","message":"log❯❯▶ Connected to DB !!"}
{"level":"info","message":"log❯❯▶ Connected to DB !!"}
{"level":"info","message":"log❯❯▶ Connected to DB !!"}
{"level":"info","message":"log❯❯▶ Connected to DB !!"}
{"level":"info","message":"log❯❯▶ Connected to DB !!"}
{"level":"info","message":"log❯❯▶ Connected to DB !!"}
{"level":"info","message":"log❯❯▶ Connected to DB !!"}
{"level":"info","message":"log❯❯▶ Connected to DB !!"}
{"level":"info","message":"log❯❯▶ Connected to DB !!"}
{"level":"info","message":"log❯❯▶ Connected to DB !!"}
{"level":"info","message":"log❯❯▶ Connected to DB !!"}
{"level":"info","message":"log❯❯▶ Connected to DB !!"}
{"level":"info","message":"log❯❯▶ Connected to DB !!"}
{"level":"info","message":"log❯❯▶ Connected to DB !!"}
{"level":"info","message":"log❯❯▶ Connected to DB !!"}
{"level":"info","message":"log❯❯▶ Connected to DB !!"}
{"level":"info","message":"log❯❯▶ Connected to DB !!"}
{"level":"info","message":"log❯❯▶ Connected to DB !!"}
{"level":"info","message":"log❯❯▶ Connected to DB !!"}
{"level":"info","message":"log❯❯▶ Connected to DB !!"}
{"level":"info","message":"log❯❯▶ Connected to DB !!"}
{"level":"info","message":"log❯❯▶ Connected to DB !!"}
{"level":"info","message":"log❯❯▶ Connected to DB !!"}
{"level":"info","message":"log❯❯▶ Connected to DB !!"}
{"level":"info","message":"log❯❯▶ Connected to DB !!"}
{"level":"info","message":"Thu Apr 21 2022 09:33:31 GMT+0700 (เวลาอินโดจีน) POST /auth/villagerlogin 201 117 - 227.332 ms\n","meta":{"serverLogs":"server-logs"}}
{"level":"info","message":"log❯❯▶ Connected to DB !!"}
{"level":"info","message":"log❯❯▶ Connected to DB !!"}
{"level":"info","message":"Thu Apr 21 2022 09:40:08 GMT+0700 (เวลาอินโดจีน) GET /auth/myVillagerProflie/%7Bid%7D 404 876 - 39.955 ms\n","meta":{"serverLogs":"server-logs"}}
{"level":"info","message":"log❯❯▶ Connected to DB !!"}
{"level":"info","message":"log❯❯▶ Connected to DB !!"}
{"level":"info","message":"log❯❯▶ Connected to DB !!"}
{"level":"info","message":"log❯❯▶ Connected to DB !!"}
{"level":"info","message":"log❯❯▶ Connected to DB !!"}
{"level":"info","message":"Thu Apr 21 2022 09:41:32 GMT+0700 (เวลาอินโดจีน) GET /auth/myVillagerProflie 404 876 - 7.470 ms\n","meta":{"serverLogs":"server-logs"}}
{"level":"error","message":"log❯❯▶ undefined not found."}
{"level":"info","message":"Thu Apr 21 2022 09:42:24 GMT+0700 (เวลาอินโดจีน) GET /auth/myVillagerProfile 404 34 - 113.335 ms\n","meta":{"serverLogs":"server-logs"}}
{"level":"info","message":"log❯❯▶ Connected to DB !!"}
{"level":"info","message":"log❯❯▶ Connected to DB !!"}
{"level":"info","message":"log❯❯▶ Connected to DB !!"}
{"level":"info","message":"Thu Apr 21 2022 09:44:31 GMT+0700 (เวลาอินโดจีน) GET /auth/myVillagerProfile 200 18 - 14.425 ms\n","meta":{"serverLogs":"server-logs"}}
{"level":"info","message":"log❯❯▶ Connected to DB !!"}
{"level":"info","message":"log❯❯▶ Connected to DB !!"}
{"level":"info","message":"Thu Apr 21 2022 09:45:44 GMT+0700 (เวลาอินโดจีน) GET /auth/myVillagerProfile 200 18 - 10.591 ms\n","meta":{"serverLogs":"server-logs"}}
{"level":"info","message":"log❯❯▶ Connected to DB !!"}
{"level":"info","message":"log❯❯▶ Connected to DB !!"}
{"level":"info","message":"Thu Apr 21 2022 09:48:45 GMT+0700 (เวลาอินโดจีน) GET /auth/myVillagerProfile 200 18 - 12.173 ms\n","meta":{"serverLogs":"server-logs"}}
{"level":"info","message":"log❯❯▶ Connected to DB !!"}
{"level":"info","message":"Thu Apr 21 2022 09:48:57 GMT+0700 (เวลาอินโดจีน) GET /auth/myVillagerProfile 200 - - 8.962 ms\n","meta":{"serverLogs":"server-logs"}}
{"level":"info","message":"Thu Apr 21 2022 09:49:00 GMT+0700 (เวลาอินโดจีน) GET /auth/myVillagerProfile 200 - - 3.052 ms\n","meta":{"serverLogs":"server-logs"}}
{"level":"info","message":"log❯❯▶ Connected to DB !!"}
{"level":"info","message":"log❯❯▶ Connected to DB !!"}
{"level":"info","message":"log❯❯▶ Connected to DB !!"}
{"level":"info","message":"Thu Apr 21 2022 09:50:22 GMT+0700 (เวลาอินโดจีน) GET /auth/myVillagerProfile 200 - - 9.914 ms\n","meta":{"serverLogs":"server-logs"}}
{"level":"info","message":"log❯❯▶ Connected to DB !!"}
{"level":"info","message":"Thu Apr 21 2022 09:50:44 GMT+0700 (เวลาอินโดจีน) GET /auth/myVillagerProfile 200 18 - 11.538 ms\n","meta":{"serverLogs":"server-logs"}}
{"level":"info","message":"log❯❯▶ Connected to DB !!"}
{"level":"info","message":"log❯❯▶ Connected to DB !!"}
{"level":"info","message":"log❯❯▶ Connected to DB !!"}
{"level":"info","message":"log❯❯▶ Connected to DB !!"}
{"level":"info","message":"log❯❯▶ Connected to DB !!"}
{"level":"info","message":"log❯❯▶ Connected to DB !!"}
{"level":"info","message":"log❯❯▶ Connected to DB !!"}
{"level":"info","message":"Thu Apr 21 2022 09:55:11 GMT+0700 (เวลาอินโดจีน) GET /auth/myVillagerProfile 200 18 - 16.274 ms\n","meta":{"serverLogs":"server-logs"}}
{"level":"info","message":"log❯❯▶ Connected to DB !!"}
{"level":"info","message":"log❯❯▶ Connected to DB !!"}
{"level":"info","message":"Thu Apr 21 2022 09:57:50 GMT+0700 (เวลาอินโดจีน) POST /auth/villagerSignUp 200 55 - 145.906 ms\n","meta":{"serverLogs":"server-logs"}}
{"level":"error","message":"(..\\routes\\controller\\auth.js:80)❯❯▶"}
{"level":"info","message":"Thu Apr 21 2022 09:58:14 GMT+0700 (เวลาอินโดจีน) POST /auth/villagerlogin 400 31 - 141.943 ms\n","meta":{"serverLogs":"server-logs"}}
{"level":"info","message":"log❯❯▶ Connected to DB !!"}
{"level":"error","message":"(..\\routes\\controller\\auth.js:80)❯❯▶"}
{"level":"info","message":"Thu Apr 21 2022 09:59:11 GMT+0700 (เวลาอินโดจีน) POST /auth/villagerlogin 400 32 - 207.004 ms\n","meta":{"serverLogs":"server-logs"}}
{"level":"info","message":"log❯❯▶ Connected to DB !!"}
{"level":"info","message":"Thu Apr 21 2022 09:59:23 GMT+0700 (เวลาอินโดจีน) POST /auth/villagerlogin 201 117 - 199.493 ms\n","meta":{"serverLogs":"server-logs"}}
{"level":"info","message":"Thu Apr 21 2022 09:59:53 GMT+0700 (เวลาอินโดจีน) GET /auth/myVillagerProflie 404 876 - 10.174 ms\n","meta":{"serverLogs":"server-logs"}}
{"level":"info","message":"Thu Apr 21 2022 10:00:02 GMT+0700 (เวลาอินโดจีน) GET /auth/myVillagerProfile 200 18 - 6.302 ms\n","meta":{"serverLogs":"server-logs"}}
{"level":"info","message":"log❯❯▶ Connected to DB !!"}
{"level":"info","message":"log❯❯▶ Connected to DB !!"}
{"level":"info","message":"log❯❯▶ Connected to DB !!"}
{"level":"info","message":"log❯❯▶ Connected to DB !!"}
{"level":"info","message":"Thu Apr 21 2022 10:01:04 GMT+0700 (เวลาอินโดจีน) POST /auth/villagerlogin 201 117 - 117.441 ms\n","meta":{"serverLogs":"server-logs"}}
{"level":"info","message":"Thu Apr 21 2022 10:01:22 GMT+0700 (เวลาอินโดจีน) GET /auth/myVillagerProfile 200 18 - 7.069 ms\n","meta":{"serverLogs":"server-logs"}}
{"level":"info","message":"log❯❯▶ Connected to DB !!"}
{"level":"info","message":"Thu Apr 21 2022 10:04:45 GMT+0700 (เวลาอินโดจีน) GET /auth/myVillagerProfile 200 18 - 13.350 ms\n","meta":{"serverLogs":"server-logs"}}
{"level":"info","message":"Thu Apr 21 2022 10:04:53 GMT+0700 (เวลาอินโดจีน) GET /auth/myVillagerProfile 200 18 - 2.054 ms\n","meta":{"serverLogs":"server-logs"}}
{"level":"info","message":"Thu Apr 21 2022 10:05:34 GMT+0700 (เวลาอินโดจีน) POST /auth/villagerLogin 201 117 - 170.668 ms\n","meta":{"serverLogs":"server-logs"}}
{"level":"info","message":"Thu Apr 21 2022 10:06:06 GMT+0700 (เวลาอินโดจีน) GET /auth/myVillagerProfile 200 18 - 3.049 ms\n","meta":{"serverLogs":"server-logs"}}
{"level":"info","message":"log❯❯▶ Connected to DB !!"}
{"level":"error","message":"(..\\routes\\controller\\auth.js:80)❯❯▶"}
{"level":"info","message":"Thu Apr 21 2022 10:07:02 GMT+0700 (เวลาอินโดจีน) POST /auth/villagerLogin 400 50 - 315.324 ms\n","meta":{"serverLogs":"server-logs"}}
{"level":"info","message":"log❯❯▶ Connected to DB !!"}
{"level":"error","message":"(..\\routes\\controller\\auth.js:80)❯❯▶"}
{"level":"info","message":"Thu Apr 21 2022 10:07:12 GMT+0700 (เวลาอินโดจีน) POST /auth/villagerLogin 400 50 - 231.400 ms\n","meta":{"serverLogs":"server-logs"}}
{"level":"info","message":"log❯❯▶ Connected to DB !!"}
{"level":"info","message":"Thu Apr 21 2022 10:08:01 GMT+0700 (เวลาอินโดจีน) POST /auth/villagerLogin 201 117 - 140.718 ms\n","meta":{"serverLogs":"server-logs"}}
{"level":"info","message":"Thu Apr 21 2022 10:08:20 GMT+0700 (เวลาอินโดจีน) GET /auth/myVillagerProfile 200 18 - 9.996 ms\n","meta":{"serverLogs":"server-logs"}}
{"level":"info","message":"log❯❯▶ Connected to DB !!"}
{"level":"info","message":"log❯❯▶ Connected to DB !!"}
{"level":"info","message":"log❯❯▶ Connected to DB !!"}
{"level":"info","message":"Thu Apr 21 2022 10:08:52 GMT+0700 (เวลาอินโดจีน) GET /auth/myVillagerProfile 200 18 - 61.670 ms\n","meta":{"serverLogs":"server-logs"}}
{"level":"info","message":"log❯❯▶ Connected to DB !!"}
{"level":"info","message":"Thu Apr 21 2022 10:09:27 GMT+0700 (เวลาอินโดจีน) POST /auth/villagerLogin 201 117 - 294.768 ms\n","meta":{"serverLogs":"server-logs"}}
{"level":"info","message":"Thu Apr 21 2022 10:09:41 GMT+0700 (เวลาอินโดจีน) GET /auth/myVillagerProfile 200 18 - 15.561 ms\n","meta":{"serverLogs":"server-logs"}}
{"level":"info","message":"log❯❯▶ Connected to DB !!"}
{"level":"info","message":"Thu Apr 21 2022 10:11:15 GMT+0700 (เวลาอินโดจีน) POST /auth/villagerLogin 201 117 - 184.327 ms\n","meta":{"serverLogs":"server-logs"}}
{"level":"info","message":"Thu Apr 21 2022 10:11:26 GMT+0700 (เวลาอินโดจีน) GET /auth/myVillagerProfile 200 18 - 13.017 ms\n","meta":{"serverLogs":"server-logs"}}
{"level":"info","message":"log❯❯▶ Connected to DB !!"}
{"level":"info","message":"log❯❯▶ Connected to DB !!"}
{"level":"info","message":"log❯❯▶ Connected to DB !!"}
{"level":"info","message":"log❯❯▶ Connected to DB !!"}
{"level":"info","message":"log❯❯▶ Connected to DB !!"}
{"level":"info","message":"Thu Apr 21 2022 10:12:04 GMT+0700 (เวลาอินโดจีน) POST /auth/villagerLogin 201 117 - 249.591 ms\n","meta":{"serverLogs":"server-logs"}}
{"level":"info","message":"log❯❯▶ Connected to DB !!"}
{"level":"info","message":"Thu Apr 21 2022 10:12:16 GMT+0700 (เวลาอินโดจีน) POST /auth/villagerLogin 201 117 - 196.072 ms\n","meta":{"serverLogs":"server-logs"}}
{"level":"info","message":"Thu Apr 21 2022 10:12:20 GMT+0700 (เวลาอินโดจีน) POST /auth/villagerLogin 201 117 - 108.703 ms\n","meta":{"serverLogs":"server-logs"}}
{"level":"info","message":"log❯❯▶ Connected to DB !!"}
{"level":"error","message":"(..\\routes\\controller\\auth.js:80)❯❯▶"}
{"level":"info","message":"Thu Apr 21 2022 10:13:11 GMT+0700 (เวลาอินโดจีน) POST /auth/villagerLogin 400 31 - 207.497 ms\n","meta":{"serverLogs":"server-logs"}}
{"level":"error","message":"(..\\routes\\controller\\auth.js:80)❯❯▶"}
{"level":"info","message":"Thu Apr 21 2022 10:13:16 GMT+0700 (เวลาอินโดจีน) POST /auth/villagerLogin 400 31 - 131.809 ms\n","meta":{"serverLogs":"server-logs"}}
{"level":"info","message":"log❯❯▶ Connected to DB !!"}
{"level":"info","message":"log❯❯▶ Connected to DB !!"}
{"level":"info","message":"Thu Apr 21 2022 10:13:33 GMT+0700 (เวลาอินโดจีน) POST /auth/villagerLogin 201 117 - 173.052 ms\n","meta":{"serverLogs":"server-logs"}}
{"level":"info","message":"log❯❯▶ Connected to DB !!"}
{"level":"error","message":"(..\\routes\\controller\\auth.js:80)❯❯▶"}
{"level":"info","message":"Thu Apr 21 2022 10:13:46 GMT+0700 (เวลาอินโดจีน) POST /auth/villagerLogin 400 31 - 293.708 ms\n","meta":{"serverLogs":"server-logs"}}
{"level":"info","message":"log❯❯▶ Connected to DB !!"}
{"level":"info","message":"log❯❯▶ Connected to DB !!"}
{"level":"info","message":"log❯❯▶ Connected to DB !!"}
{"level":"info","message":"log❯❯▶ Connected to DB !!"}
{"level":"info","message":"log❯❯▶ Connected to DB !!"}
{"level":"info","message":"log❯❯▶ Connected to DB !!"}
{"level":"info","message":"log❯❯▶ Connected to DB !!"}
{"level":"info","message":"log❯❯▶ Connected to DB !!"}
{"level":"info","message":"log❯❯▶ Connected to DB !!"}
{"level":"info","message":"log❯❯▶ Connected to DB !!"}
{"level":"info","message":"log❯❯▶ Connected to DB !!"}
{"level":"info","message":"log❯❯▶ Connected to DB !!"}
{"level":"info","message":"log❯❯▶ Connected to DB !!"}
{"level":"info","message":"log❯❯▶ Connected to DB !!"}
{"level":"info","message":"log❯❯▶ Connected to DB !!"}
{"level":"info","message":"log❯❯▶ Connected to DB !!"}
{"level":"info","message":"log❯❯▶ Connected to DB !!"}
{"level":"info","message":"log❯❯▶ Connected to DB !!"}
{"level":"info","message":"log❯❯▶ Connected to DB !!"}
{"level":"info","message":"log❯❯▶ Connected to DB !!"}
{"level":"info","message":"Thu Apr 21 2022 10:17:47 GMT+0700 (เวลาอินโดจีน) POST /auth/villagerLogin 201 160 - 171.933 ms\n","meta":{"serverLogs":"server-logs"}}
{"level":"info","message":"Thu Apr 21 2022 10:18:02 GMT+0700 (เวลาอินโดจีน) GET /auth/myVillagerProfile 200 50 - 14.184 ms\n","meta":{"serverLogs":"server-logs"}}
{"level":"info","message":"log❯❯▶ Connected to DB !!"}
{"level":"info","message":"log❯❯▶ Connected to DB !!"}
{"level":"info","message":"log❯❯▶ Connected to DB !!"}
{"level":"info","message":"log❯❯▶ Connected to DB !!"}
{"level":"info","message":"log❯❯▶ Connected to DB !!"}
{"level":"info","message":"Thu Apr 21 2022 10:19:58 GMT+0700 (เวลาอินโดจีน) POST /auth/villagerLogin 201 160 - 197.434 ms\n","meta":{"serverLogs":"server-logs"}}
{"level":"info","message":"Thu Apr 21 2022 10:20:05 GMT+0700 (เวลาอินโดจีน) GET /auth/myVillagerProfile 200 674 - 22.085 ms\n","meta":{"serverLogs":"server-logs"}}
{"level":"info","message":"log❯❯▶ Connected to DB !!"}
{"level":"info","message":"log❯❯▶ Connected to DB !!"}
{"level":"info","message":"log❯❯▶ Connected to DB !!"}
{"level":"info","message":"log❯❯▶ Connected to DB !!"}
{"level":"info","message":"log❯❯▶ Connected to DB !!"}
{"level":"info","message":"Thu Apr 21 2022 10:20:59 GMT+0700 (เวลาอินโดจีน) GET /auth/myVillagerProflie 404 876 - 9.180 ms\n","meta":{"serverLogs":"server-logs"}}
{"level":"info","message":"Thu Apr 21 2022 10:21:33 GMT+0700 (เวลาอินโดจีน) POST /auth/villagerlogin 201 160 - 114.492 ms\n","meta":{"serverLogs":"server-logs"}}
{"level":"info","message":"Thu Apr 21 2022 10:21:52 GMT+0700 (เวลาอินโดจีน) GET /auth/myVillagerProflie 404 876 - 2.075 ms\n","meta":{"serverLogs":"server-logs"}}
{"level":"info","message":"log❯❯▶ Connected to DB !!"}
{"level":"info","message":"log❯❯▶ Connected to DB !!"}
{"level":"info","message":"log❯❯▶ Connected to DB !!"}
{"level":"info","message":"log❯❯▶ Connected to DB !!"}
{"level":"info","message":"log❯❯▶ Connected to DB !!"}
{"level":"info","message":"log❯❯▶ Connected to DB !!"}
{"level":"info","message":"log❯❯▶ Connected to DB !!"}
{"level":"info","message":"log❯❯▶ Connected to DB !!"}
{"level":"info","message":"log❯❯▶ Connected to DB !!"}
{"level":"info","message":"log❯❯▶ Connected to DB !!"}
{"level":"info","message":"Thu Apr 21 2022 10:25:21 GMT+0700 (เวลาอินโดจีน) GET /auth/myVillagerProflie 404 876 - 10.246 ms\n","meta":{"serverLogs":"server-logs"}}
{"level":"info","message":"log❯❯▶ Connected to DB !!"}
{"level":"info","message":"log❯❯▶ Connected to DB !!"}
{"level":"info","message":"Thu Apr 21 2022 10:27:14 GMT+0700 (เวลาอินโดจีน) GET /auth/myVillagerProflie 404 876 - 11.243 ms\n","meta":{"serverLogs":"server-logs"}}
{"level":"info","message":"Thu Apr 21 2022 10:27:16 GMT+0700 (เวลาอินโดจีน) GET /auth/myVillagerProflie 404 876 - 2.240 ms\n","meta":{"serverLogs":"server-logs"}}
{"level":"info","message":"Thu Apr 21 2022 10:27:24 GMT+0700 (เวลาอินโดจีน) GET /auth/myVillagerProflie 404 876 - 2.173 ms\n","meta":{"serverLogs":"server-logs"}}
{"level":"info","message":"Thu Apr 21 2022 10:27:32 GMT+0700 (เวลาอินโดจีน) GET /auth/myVillagerProflie 404 876 - 1.089 ms\n","meta":{"serverLogs":"server-logs"}}
{"level":"info","message":"Thu Apr 21 2022 10:29:01 GMT+0700 (เวลาอินโดจีน) GET /auth/myVillagerProfile 403 28 - 18.663 ms\n","meta":{"serverLogs":"server-logs"}}
{"level":"info","message":"Thu Apr 21 2022 10:29:06 GMT+0700 (เวลาอินโดจีน) GET /auth/myVillagerProfile 200 674 - 39.754 ms\n","meta":{"serverLogs":"server-logs"}}
{"level":"info","message":"log❯❯▶ Connected to DB !!"}
{"level":"info","message":"log❯❯▶ Connected to DB !!"}
{"level":"info","message":"Thu Apr 21 2022 10:32:54 GMT+0700 (เวลาอินโดจีน) GET /auth/myVillagerProflie 404 876 - 10.958 ms\n","meta":{"serverLogs":"server-logs"}}
{"level":"info","message":"log❯❯▶ Connected to DB !!"}
{"level":"info","message":"log❯❯▶ Connected to DB !!"}
{"level":"info","message":"log❯❯▶ Connected to DB !!"}
{"level":"info","message":"log❯❯▶ Connected to DB !!"}
{"level":"info","message":"log❯❯▶ Connected to DB !!"}
{"level":"info","message":"Thu Apr 21 2022 10:34:09 GMT+0700 (เวลาอินโดจีน) GET /auth/myVillagerProfile 200 674 - 27.162 ms\n","meta":{"serverLogs":"server-logs"}}
{"level":"info","message":"log❯❯▶ Connected to DB !!"}
{"level":"info","message":"log❯❯▶ Connected to DB !!"}
{"level":"info","message":"log❯❯▶ Connected to DB !!"}
{"level":"info","message":"log❯❯▶ Connected to DB !!"}
{"level":"info","message":"log❯❯▶ Connected to DB !!"}
{"level":"info","message":"log❯❯▶ Connected to DB !!"}
{"level":"info","message":"log❯❯▶ Connected to DB !!"}
{"level":"info","message":"log❯❯▶ Connected to DB !!"}
{"level":"info","message":"log❯❯▶ Connected to DB !!"}
{"level":"error","message":"log❯❯▶ Agents collection is empty."}
{"level":"info","message":"Thu Apr 21 2022 10:39:47 GMT+0700 (เวลาอินโดจีน) GET /agent/getAll 404 41 - 87.466 ms\n","meta":{"serverLogs":"server-logs"}}
{"level":"info","message":"log❯❯▶ Connected to DB !!"}
{"level":"info","message":"log❯❯▶ Connected to DB !!"}
{"level":"info","message":"log❯❯▶ Connected to DB !!"}
{"level":"info","message":"log❯❯▶ Connected to DB !!"}
{"level":"info","message":"log❯❯▶ Connected to DB !!"}
{"level":"info","message":"log❯❯▶ Connected to DB !!"}
{"level":"info","message":"log❯❯▶ Connected to DB !!"}
{"level":"info","message":"log❯❯▶ Connected to DB !!"}
{"level":"info","message":"log❯❯▶ Connected to DB !!"}
{"0":{"location":"body","msg":"Invalid value","param":"agentPin"},"1":{"location":"body","msg":"Invalid value","param":"agentPin"},"level":"error","message":"(..\\routes\\controller\\auth.js:44)❯❯▶"}
{"level":"info","message":"Thu Apr 21 2022 10:42:02 GMT+0700 (เวลาอินโดจีน) POST /auth/agentSignUp 400 133 - 82.795 ms\n","meta":{"serverLogs":"server-logs"}}
{"level":"info","message":"log❯❯▶ Connected to DB !!"}
{"0":{"location":"body","msg":"Invalid value","param":"agentPin"},"1":{"location":"body","msg":"Invalid value","param":"agentPin"},"level":"error","message":"(..\\routes\\controller\\auth.js:44)❯❯▶"}
{"level":"info","message":"Thu Apr 21 2022 10:43:11 GMT+0700 (เวลาอินโดจีน) POST /auth/agentSignUp 400 133 - 68.705 ms\n","meta":{"serverLogs":"server-logs"}}
{"0":{"location":"body","msg":"Invalid value","param":"agentPin"},"1":{"location":"body","msg":"Invalid value","param":"agentPin"},"level":"error","message":"(..\\routes\\controller\\auth.js:44)❯❯▶"}
{"level":"info","message":"Thu Apr 21 2022 10:43:16 GMT+0700 (เวลาอินโดจีน) POST /auth/agentSignUp 400 133 - 25.158 ms\n","meta":{"serverLogs":"server-logs"}}
{"level":"info","message":"Thu Apr 21 2022 10:43:58 GMT+0700 (เวลาอินโดจีน) POST /auth/agentSignUp 200 52 - 108.768 ms\n","meta":{"serverLogs":"server-logs"}}
{"level":"info","message":"Thu Apr 21 2022 10:44:16 GMT+0700 (เวลาอินโดจีน) POST /auth/agentlogin 201 160 - 78.845 ms\n","meta":{"serverLogs":"server-logs"}}
{"level":"info","message":"log❯❯▶ Connected to DB !!"}
{"level":"info","message":"log❯❯▶ Connected to DB !!"}
{"level":"info","message":"log❯❯▶ Connected to DB !!"}
{"level":"info","message":"log❯❯▶ Connected to DB !!"}
{"level":"info","message":"log❯❯▶ Connected to DB !!"}
{"level":"info","message":"log❯❯▶ Connected to DB !!"}
{"level":"info","message":"log❯❯▶ Connected to DB !!"}
{"level":"info","message":"Thu Apr 21 2022 10:45:34 GMT+0700 (เวลาอินโดจีน) POST /auth/agentlogin 201 188 - 154.707 ms\n","meta":{"serverLogs":"server-logs"}}
{"level":"info","message":"log❯❯▶ Connected to DB !!"}
{"level":"info","message":"log❯❯▶ Connected to DB !!"}
{"level":"info","message":"log❯❯▶ Connected to DB !!"}
{"level":"info","message":"log❯❯▶ Connected to DB !!"}
{"level":"info","message":"log❯❯▶ Connected to DB !!"}
{"level":"info","message":"log❯❯▶ Connected to DB !!"}
{"level":"info","message":"log❯❯▶ Connected to DB !!"}
{"level":"info","message":"log❯❯▶ Connected to DB !!"}
{"level":"info","message":"log❯❯▶ Connected to DB !!"}
{"level":"info","message":"log❯❯▶ Connected to DB !!"}
{"level":"info","message":"log❯❯▶ Connected to DB !!"}
{"level":"info","message":"Thu Apr 21 2022 10:47:23 GMT+0700 (เวลาอินโดจีน) GET /auth/myVillagerProfile 200 258 - 21.154 ms\n","meta":{"serverLogs":"server-logs"}}
{"level":"info","message":"log❯❯▶ Connected to DB !!"}
{"level":"info","message":"log❯❯▶ Connected to DB !!"}
{"level":"info","message":"log❯❯▶ Connected to DB !!"}
{"level":"info","message":"log❯❯▶ Connected to DB !!"}
{"level":"info","message":"log❯❯▶ Connected to DB !!"}
{"level":"info","message":"log❯❯▶ Connected to DB !!"}
{"level":"info","message":"log❯❯▶ Connected to DB !!"}
{"level":"info","message":"log❯❯▶ Connected to DB !!"}
{"level":"info","message":"log❯❯▶ Connected to DB !!"}
{"level":"info","message":"Thu Apr 21 2022 10:48:55 GMT+0700 (เวลาอินโดจีน) GET /auth/myProfile 200 258 - 29.175 ms\n","meta":{"serverLogs":"server-logs"}}
{"level":"info","message":"Thu Apr 21 2022 10:49:03 GMT+0700 (เวลาอินโดจีน) GET /auth/myProfile 200 674 - 7.760 ms\n","meta":{"serverLogs":"server-logs"}}
{"level":"info","message":"log❯❯▶ Connected to DB !!"}
{"level":"info","message":"log❯❯▶ Connected to DB !!"}
{"level":"info","message":"log❯❯▶ Connected to DB !!"}
{"level":"info","message":"log❯❯▶ Connected to DB !!"}
{"level":"info","message":"log❯❯▶ Connected to DB !!"}
{"level":"info","message":"log❯❯▶ Connected to DB !!"}
{"level":"info","message":"log❯❯▶ Connected to DB !!"}
{"level":"info","message":"Thu Apr 21 2022 10:50:43 GMT+0700 (เวลาอินโดจีน) POST /auth/Login 201 160 - 190.572 ms\n","meta":{"serverLogs":"server-logs"}}
{"level":"info","message":"log❯❯▶ Connected to DB !!"}
{"level":"info","message":"log❯❯▶ Connected to DB !!"}
{"level":"info","message":"log❯❯▶ Connected to DB !!"}
{"level":"info","message":"log❯❯▶ Connected to DB !!"}
{"level":"info","message":"log❯❯▶ Connected to DB !!"}
{"level":"info","message":"log❯❯▶ Connected to DB !!"}
{"level":"info","message":"log❯❯▶ Connected to DB !!"}
{"level":"info","message":"log❯❯▶ Connected to DB !!"}
{"level":"info","message":"log❯❯▶ Connected to DB !!"}
{"level":"info","message":"log❯❯▶ Connected to DB !!"}
{"level":"info","message":"Thu Apr 21 2022 10:52:49 GMT+0700 (เวลาอินโดจีน) POST /auth/Login 201 681 - 62.004 ms\n","meta":{"serverLogs":"server-logs"}}
{"level":"info","message":"log❯❯▶ Connected to DB !!"}
{"level":"info","message":"log❯❯▶ Connected to DB !!"}
{"level":"info","message":"log❯❯▶ Connected to DB !!"}
{"level":"info","message":"log❯❯▶ Connected to DB !!"}
{"level":"info","message":"log❯❯▶ Connected to DB !!"}
{"level":"info","message":"log❯❯▶ Connected to DB !!"}
{"level":"info","message":"log❯❯▶ Connected to DB !!"}
{"level":"info","message":"log❯❯▶ Connected to DB !!"}
{"level":"info","message":"log❯❯▶ Connected to DB !!"}
{"level":"info","message":"log❯❯▶ Connected to DB !!"}
{"level":"info","message":"log❯❯▶ Connected to DB !!"}
{"level":"info","message":"log❯❯▶ Connected to DB !!"}
{"level":"info","message":"log❯❯▶ Connected to DB !!"}
{"level":"info","message":"log❯❯▶ Connected to DB !!"}
{"level":"info","message":"log❯❯▶ Connected to DB !!"}
{"level":"info","message":"log❯❯▶ Connected to DB !!"}
{"level":"info","message":"log❯❯▶ Connected to DB !!"}
{"level":"info","message":"log❯❯▶ Connected to DB !!"}
{"level":"info","message":"log❯❯▶ Connected to DB !!"}
{"level":"info","message":"log❯❯▶ Connected to DB !!"}
{"level":"info","message":"log❯❯▶ Connected to DB !!"}
{"level":"info","message":"log❯❯▶ Connected to DB !!"}
{"level":"info","message":"log❯❯▶ Connected to DB !!"}
{"level":"info","message":"log❯❯▶ Connected to DB !!"}
{"level":"info","message":"log❯❯▶ Connected to DB !!"}
{"level":"info","message":"log❯❯▶ Connected to DB !!"}
{"level":"info","message":"log❯❯▶ Connected to DB !!"}
{"level":"info","message":"log❯❯▶ Connected to DB !!"}
{"level":"info","message":"log❯❯▶ Connected to DB !!"}
{"level":"info","message":"log❯❯▶ Connected to DB !!"}
{"level":"info","message":"log❯❯▶ Connected to DB !!"}
{"level":"info","message":"log❯❯▶ Connected to DB !!"}
{"level":"error","message":"(..\\routes\\controller\\auth.js:168)❯❯▶"}
{"level":"info","message":"Thu Apr 21 2022 10:57:51 GMT+0700 (เวลาอินโดจีน) POST /auth/Login 400 33 - 263.991 ms\n","meta":{"serverLogs":"server-logs"}}
{"level":"info","message":"log❯❯▶ Connected to DB !!"}
{"level":"info","message":"log❯❯▶ Connected to DB !!"}
{"level":"info","message":"log❯❯▶ Connected to DB !!"}
{"level":"info","message":"log❯❯▶ Connected to DB !!"}
{"level":"info","message":"log❯❯▶ Connected to DB !!"}
{"level":"info","message":"log❯❯▶ Connected to DB !!"}
{"level":"info","message":"log❯❯▶ Connected to DB !!"}
{"level":"info","message":"log❯❯▶ Connected to DB !!"}
{"level":"info","message":"log❯❯▶ Connected to DB !!"}
{"level":"info","message":"Thu Apr 21 2022 10:59:03 GMT+0700 (เวลาอินโดจีน) POST /auth/Login 201 160 - 151.435 ms\n","meta":{"serverLogs":"server-logs"}}
{"level":"info","message":"Thu Apr 21 2022 10:59:11 GMT+0700 (เวลาอินโดจีน) POST /auth/Login 400 31 - 134.138 ms\n","meta":{"serverLogs":"server-logs"}}
{"level":"info","message":"Thu Apr 21 2022 10:59:30 GMT+0700 (เวลาอินโดจีน) POST /auth/Login 400 31 - 99.735 ms\n","meta":{"serverLogs":"server-logs"}}
{"level":"info","message":"Thu Apr 21 2022 10:59:36 GMT+0700 (เวลาอินโดจีน) POST /auth/Login 201 188 - 128.476 ms\n","meta":{"serverLogs":"server-logs"}}
{"level":"info","message":"Thu Apr 21 2022 10:59:44 GMT+0700 (เวลาอินโดจีน) POST /auth/Login 400 28 - 14.993 ms\n","meta":{"serverLogs":"server-logs"}}
{"level":"info","message":"log❯❯▶ Connected to DB !!"}
{"level":"info","message":"log❯❯▶ Connected to DB !!"}
{"level":"info","message":"log❯❯▶ Connected to DB !!"}
{"level":"info","message":"log❯❯▶ Connected to DB !!"}
{"level":"info","message":"log❯❯▶ Connected to DB !!"}
{"level":"info","message":"log❯❯▶ Connected to DB !!"}
{"level":"info","message":"log❯❯▶ Connected to DB !!"}
{"level":"info","message":"Thu Apr 21 2022 11:02:15 GMT+0700 (เวลาอินโดจีน) POST /auth/login 201 188 - 114.201 ms\n","meta":{"serverLogs":"server-logs"}}
{"level":"info","message":"Thu Apr 21 2022 11:02:29 GMT+0700 (เวลาอินโดจีน) GET /auth/myProfile 200 258 - 7.203 ms\n","meta":{"serverLogs":"server-logs"}}
{"level":"info","message":"log❯❯▶ Connected to DB !!"}
{"level":"info","message":"log❯❯▶ Connected to DB !!"}
{"level":"info","message":"log❯❯▶ Connected to DB !!"}
{"level":"info","message":"log❯❯▶ Connected to DB !!"}
{"level":"info","message":"log❯❯▶ Connected to DB !!"}
{"level":"info","message":"log❯❯▶ Connected to DB !!"}
{"level":"info","message":"log❯❯▶ Connected to DB !!"}
{"level":"info","message":"log❯❯▶ Connected to DB !!"}
{"level":"info","message":"log❯❯▶ Connected to DB !!"}
{"level":"info","message":"log❯❯▶ Connected to DB !!"}
{"level":"info","message":"log❯❯▶ Connected to DB !!"}
{"level":"info","message":"log❯❯▶ Connected to DB !!"}
{"level":"info","message":"log❯❯▶ Connected to DB !!"}
{"level":"info","message":"log❯❯▶ Connected to DB !!"}
{"level":"info","message":"log❯❯▶ Connected to DB !!"}
{"level":"info","message":"log❯❯▶ Connected to DB !!"}
{"level":"info","message":"log❯❯▶ Connected to DB !!"}
{"level":"info","message":"log❯❯▶ Connected to DB !!"}
{"level":"info","message":"log❯❯▶ Connected to DB !!"}
{"level":"info","message":"log❯❯▶ Connected to DB !!"}
{"level":"info","message":"log❯❯▶ Connected to DB !!"}
{"level":"info","message":"log❯❯▶ Connected to DB !!"}
{"level":"info","message":"log❯❯▶ Connected to DB !!"}
{"level":"info","message":"log❯❯▶ Connected to DB !!"}
{"level":"info","message":"log❯❯▶ Connected to DB !!"}
{"level":"info","message":"log❯❯▶ Connected to DB !!"}
{"level":"info","message":"log❯❯▶ Connected to DB !!"}
{"level":"info","message":"log❯❯▶ Connected to DB !!"}
{"level":"info","message":"log❯❯▶ Connected to DB !!"}
{"level":"info","message":"Thu Apr 21 2022 11:15:30 GMT+0700 (เวลาอินโดจีน) GET /villager/getAll 200 676 - 23.895 ms\n","meta":{"serverLogs":"server-logs"}}
{"level":"info","message":"Thu Apr 21 2022 11:15:52 GMT+0700 (เวลาอินโดจีน) GET /villager/getOne/6260c82e2709063661797d75 200 674 - 12.854 ms\n","meta":{"serverLogs":"server-logs"}}
{"level":"info","message":"Thu Apr 21 2022 11:18:15 GMT+0700 (เวลาอินโดจีน) PATCH /villager/update/6260c82e2709063661797d75 200 65 - 33.884 ms\n","meta":{"serverLogs":"server-logs"}}
{"level":"info","message":"Thu Apr 21 2022 11:18:24 GMT+0700 (เวลาอินโดจีน) GET /villager/getOne/6260c82e2709063661797d75 200 565 - 4.354 ms\n","meta":{"serverLogs":"server-logs"}}
{"level":"info","message":"log❯❯▶ Connected to DB !!"}
{"level":"info","message":"log❯❯▶ Connected to DB !!"}
{"level":"info","message":"log❯❯▶ Connected to DB !!"}
{"level":"info","message":"log❯❯▶ Connected to DB !!"}
{"level":"info","message":"log❯❯▶ Connected to DB !!"}
{"level":"info","message":"log❯❯▶ Connected to DB !!"}
{"level":"info","message":"log❯❯▶ Connected to DB !!"}
{"level":"info","message":"log❯❯▶ Connected to DB !!"}
{"level":"info","message":"log❯❯▶ Connected to DB !!"}
{"level":"info","message":"log❯❯▶ Connected to DB !!"}
{"level":"info","message":"log❯❯▶ Connected to DB !!"}
{"level":"info","message":"log❯❯▶ Connected to DB !!"}
{"level":"info","message":"log❯❯▶ Connected to DB !!"}
{"level":"info","message":"log❯❯▶ Connected to DB !!"}
{"level":"info","message":"log❯❯▶ Connected to DB !!"}
{"level":"info","message":"log❯❯▶ Connected to DB !!"}
{"level":"info","message":"Thu Apr 21 2022 11:23:25 GMT+0700 (เวลาอินโดจีน) GET /agent/getAll 200 260 - 16.391 ms\n","meta":{"serverLogs":"server-logs"}}
{"level":"info","message":"Thu Apr 21 2022 11:24:57 GMT+0700 (เวลาอินโดจีน) PATCH /agent/update/6260d2fecc071f293eadbdc0 200 65 - 31.824 ms\n","meta":{"serverLogs":"server-logs"}}
{"level":"info","message":"Thu Apr 21 2022 11:25:05 GMT+0700 (เวลาอินโดจีน) GET /agent/getOne/6260d2fecc071f293eadbdc0 200 262 - 4.874 ms\n","meta":{"serverLogs":"server-logs"}}
{"level":"info","message":"log❯❯▶ Connected to DB !!"}
