{"level":"info","message":"log❯❯▶ Connected to DB !!"}
{"level":"info","message":"log❯❯▶ Connected to DB !!"}
{"level":"info","message":"log❯❯▶ Connected to DB !!"}
{"level":"info","message":"log❯❯▶ Connected to DB !!"}
{"level":"info","message":"log❯❯▶ Connected to DB !!"}
{"level":"error","message":"(..\\lib\\connectDB.js:11)❯❯▶ Invalid scheme, expected connection string to start with \"mongodb://\" or \"mongodb+srv://\"","stack":"MongoParseError: Invalid scheme, expected connection string to start with \"mongodb://\" or \"mongodb+srv://\"\n    at new ConnectionString (D:\\backend-intern\\node_modules\\mongodb-connection-string-url\\lib\\index.js:86:19)\n    at parseOptions (D:\\backend-intern\\node_modules\\mongodb\\lib\\connection_string.js:217:17)\n    at new MongoClient (D:\\backend-intern\\node_modules\\mongodb\\lib\\mongo_client.js:62:63)\n    at D:\\backend-intern\\node_modules\\mongoose\\lib\\connection.js:784:16\n    at new Promise (<anonymous>)\n    at NativeConnection.Connection.openUri (D:\\backend-intern\\node_modules\\mongoose\\lib\\connection.js:781:19)\n    at D:\\backend-intern\\node_modules\\mongoose\\lib\\index.js:340:10\n    at D:\\backend-intern\\node_modules\\mongoose\\lib\\helpers\\promiseOrCallback.js:32:5\n    at new Promise (<anonymous>)\n    at promiseOrCallback (D:\\backend-intern\\node_modules\\mongoose\\lib\\helpers\\promiseOrCallback.js:31:10)"}
{"level":"info","message":"log❯❯▶ Connected to DB !!"}
{"level":"info","message":"Wed Apr 20 2022 10:01:46 GMT+0700 (เวลาอินโดจีน) GET /villager/getAll 304 - - 16.638 ms\n","meta":{"serverLogs":"server-logs"}}
{"level":"info","message":"log❯❯▶ Connected to DB !!"}
{"level":"info","message":"log❯❯▶ Connected to DB !!"}
{"level":"info","message":"log❯❯▶ Connected to DB !!"}
{"level":"info","message":"log❯❯▶ Connected to DB !!"}
{"level":"info","message":"log❯❯▶ Connected to DB !!"}
{"level":"info","message":"log❯❯▶ Connected to DB !!"}
{"level":"info","message":"log❯❯▶ Connected to DB !!"}
{"level":"info","message":"log❯❯▶ Connected to DB !!"}
{"level":"info","message":"log❯❯▶ Connected to DB !!"}
{"level":"info","message":"log❯❯▶ Connected to DB !!"}
{"level":"info","message":"log❯❯▶ Connected to DB !!"}
{"level":"info","message":"log❯❯▶ Connected to DB !!"}
{"level":"info","message":"log❯❯▶ Connected to DB !!"}
{"level":"info","message":"log❯❯▶ Connected to DB !!"}
{"level":"info","message":"log❯❯▶ Connected to DB !!"}
{"level":"info","message":"log❯❯▶ Connected to DB !!"}
{"level":"info","message":"log❯❯▶ Connected to DB !!"}
{"level":"info","message":"log❯❯▶ Connected to DB !!"}
{"level":"info","message":"log❯❯▶ Connected to DB !!"}
{"level":"info","message":"log❯❯▶ Connected to DB !!"}
{"level":"info","message":"log❯❯▶ Connected to DB !!"}
{"level":"info","message":"log❯❯▶ Connected to DB !!"}
{"level":"info","message":"log❯❯▶ Connected to DB !!"}
{"level":"info","message":"log❯❯▶ Connected to DB !!"}
{"level":"info","message":"log❯❯▶ Connected to DB !!"}
{"level":"info","message":"log❯❯▶ Connected to DB !!"}
{"level":"info","message":"log❯❯▶ Connected to DB !!"}
{"level":"info","message":"log❯❯▶ Connected to DB !!"}
{"level":"info","message":"log❯❯▶ Connected to DB !!"}
{"level":"info","message":"log❯❯▶ Connected to DB !!"}
{"level":"info","message":"log❯❯▶ Connected to DB !!"}
{"level":"info","message":"log❯❯▶ Connected to DB !!"}
{"level":"info","message":"log❯❯▶ Connected to DB !!"}
{"level":"info","message":"log❯❯▶ Connected to DB !!"}
{"level":"info","message":"log❯❯▶ Connected to DB !!"}
{"level":"info","message":"log❯❯▶ Connected to DB !!"}
{"level":"info","message":"log❯❯▶ Connected to DB !!"}
{"level":"info","message":"log❯❯▶ Connected to DB !!"}
{"level":"info","message":"log❯❯▶ Connected to DB !!"}
{"level":"info","message":"log❯❯▶ Connected to DB !!"}
{"level":"info","message":"log❯❯▶ Connected to DB !!"}
{"level":"info","message":"log❯❯▶ Connected to DB !!"}
{"level":"info","message":"log❯❯▶ Connected to DB !!"}
{"level":"info","message":"log❯❯▶ Connected to DB !!"}
{"level":"info","message":"log❯❯▶ Connected to DB !!"}
{"level":"info","message":"log❯❯▶ Connected to DB !!"}
{"level":"info","message":"log❯❯▶ Connected to DB !!"}
{"level":"info","message":"log❯❯▶ Connected to DB !!"}
{"level":"info","message":"log❯❯▶ Connected to DB !!"}
{"level":"info","message":"log❯❯▶ Connected to DB !!"}
{"level":"info","message":"log❯❯▶ Connected to DB !!"}
{"level":"info","message":"log❯❯▶ Connected to DB !!"}
{"level":"info","message":"log❯❯▶ Connected to DB !!"}
{"level":"info","message":"log❯❯▶ Connected to DB !!"}
{"level":"info","message":"log❯❯▶ Connected to DB !!"}
{"level":"info","message":"log❯❯▶ Connected to DB !!"}
{"level":"info","message":"log❯❯▶ Connected to DB !!"}
{"level":"info","message":"log❯❯▶ Connected to DB !!"}
{"level":"info","message":"log❯❯▶ Connected to DB !!"}
{"level":"info","message":"log❯❯▶ Connected to DB !!"}
{"level":"info","message":"log❯❯▶ Connected to DB !!"}
{"level":"info","message":"log❯❯▶ Connected to DB !!"}
{"level":"info","message":"log❯❯▶ Connected to DB !!"}
{"level":"info","message":"log❯❯▶ Connected to DB !!"}
{"level":"info","message":"log❯❯▶ Connected to DB !!"}
{"level":"info","message":"log❯❯▶ Connected to DB !!"}
{"level":"info","message":"log❯❯▶ Connected to DB !!"}
{"level":"info","message":"log❯❯▶ Connected to DB !!"}
{"level":"info","message":"log❯❯▶ Connected to DB !!"}
{"level":"info","message":"log❯❯▶ Connected to DB !!"}
{"level":"info","message":"log❯❯▶ Connected to DB !!"}
{"level":"info","message":"log❯❯▶ Connected to DB !!"}
{"level":"info","message":"log❯❯▶ Connected to DB !!"}
{"level":"info","message":"log❯❯▶ Connected to DB !!"}
{"level":"info","message":"log❯❯▶ Connected to DB !!"}
{"level":"info","message":"log❯❯▶ Connected to DB !!"}
{"level":"info","message":"log❯❯▶ Connected to DB !!"}
{"level":"info","message":"log❯❯▶ Connected to DB !!"}
{"level":"info","message":"log❯❯▶ Connected to DB !!"}
{"level":"info","message":"log❯❯▶ Connected to DB !!"}
{"level":"info","message":"log❯❯▶ Connected to DB !!"}
{"level":"info","message":"log❯❯▶ Connected to DB !!"}
{"level":"info","message":"log❯❯▶ Connected to DB !!"}
{"level":"info","message":"log❯❯▶ Connected to DB !!"}
{"level":"info","message":"log❯❯▶ Connected to DB !!"}
{"level":"info","message":"log❯❯▶ Connected to DB !!"}
{"level":"info","message":"log❯❯▶ Connected to DB !!"}
{"level":"info","message":"log❯❯▶ Connected to DB !!"}
{"level":"info","message":"log❯❯▶ Connected to DB !!"}
{"level":"info","message":"log❯❯▶ Connected to DB !!"}
{"level":"info","message":"log❯❯▶ Connected to DB !!"}
{"level":"info","message":"log❯❯▶ Connected to DB !!"}
{"level":"info","message":"log❯❯▶ Connected to DB !!"}
{"level":"info","message":"log❯❯▶ Connected to DB !!"}
{"level":"info","message":"log❯❯▶ Connected to DB !!"}
{"level":"info","message":"log❯❯▶ Connected to DB !!"}
{"level":"info","message":"log❯❯▶ Connected to DB !!"}
{"level":"info","message":"log❯❯▶ Connected to DB !!"}
{"level":"info","message":"log❯❯▶ Connected to DB !!"}
{"level":"info","message":"log❯❯▶ Connected to DB !!"}
{"level":"info","message":"log❯❯▶ Connected to DB !!"}
{"level":"info","message":"log❯❯▶ Connected to DB !!"}
{"level":"info","message":"log❯❯▶ Connected to DB !!"}
{"level":"info","message":"log❯❯▶ Connected to DB !!"}
{"level":"info","message":"log❯❯▶ Connected to DB !!"}
{"level":"info","message":"log❯❯▶ Connected to DB !!"}
{"level":"info","message":"log❯❯▶ Connected to DB !!"}
{"level":"info","message":"log❯❯▶ Connected to DB !!"}
{"level":"info","message":"log❯❯▶ Connected to DB !!"}
{"level":"info","message":"log❯❯▶ Connected to DB !!"}
{"level":"info","message":"log❯❯▶ Connected to DB !!"}
{"level":"info","message":"log❯❯▶ Connected to DB !!"}
{"level":"info","message":"log❯❯▶ Connected to DB !!"}
{"level":"info","message":"log❯❯▶ Connected to DB !!"}
{"level":"info","message":"log❯❯▶ Connected to DB !!"}
{"level":"info","message":"log❯❯▶ Connected to DB !!"}
{"level":"info","message":"log❯❯▶ Connected to DB !!"}
{"level":"info","message":"log❯❯▶ Connected to DB !!"}
{"level":"info","message":"log❯❯▶ Connected to DB !!"}
{"level":"info","message":"log❯❯▶ Connected to DB !!"}
{"level":"info","message":"log❯❯▶ Connected to DB !!"}
{"level":"info","message":"log❯❯▶ Connected to DB !!"}
{"level":"info","message":"log❯❯▶ Connected to DB !!"}
{"level":"info","message":"log❯❯▶ Connected to DB !!"}
{"level":"info","message":"log❯❯▶ Connected to DB !!"}
{"level":"info","message":"log❯❯▶ Connected to DB !!"}
{"level":"info","message":"log❯❯▶ Connected to DB !!"}
{"level":"info","message":"log❯❯▶ Connected to DB !!"}
{"level":"info","message":"log❯❯▶ Connected to DB !!"}
{"level":"info","message":"log❯❯▶ Connected to DB !!"}
{"level":"info","message":"log❯❯▶ Connected to DB !!"}
{"level":"info","message":"log❯❯▶ Connected to DB !!"}
{"level":"info","message":"log❯❯▶ Connected to DB !!"}
{"level":"info","message":"log❯❯▶ Connected to DB !!"}
{"level":"info","message":"log❯❯▶ Connected to DB !!"}
{"level":"info","message":"log❯❯▶ Connected to DB !!"}
{"level":"info","message":"log❯❯▶ Connected to DB !!"}
{"level":"info","message":"log❯❯▶ Connected to DB !!"}
{"level":"info","message":"log❯❯▶ Connected to DB !!"}
{"level":"info","message":"log❯❯▶ Connected to DB !!"}
{"level":"info","message":"log❯❯▶ Connected to DB !!"}
{"level":"info","message":"log❯❯▶ Connected to DB !!"}
{"level":"info","message":"log❯❯▶ Connected to DB !!"}
{"level":"info","message":"log❯❯▶ Connected to DB !!"}
{"level":"info","message":"log❯❯▶ Connected to DB !!"}
{"level":"info","message":"log❯❯▶ Connected to DB !!"}
{"level":"info","message":"log❯❯▶ Connected to DB !!"}
{"level":"info","message":"log❯❯▶ Connected to DB !!"}
{"level":"info","message":"log❯❯▶ Connected to DB !!"}
{"level":"info","message":"log❯❯▶ Connected to DB !!"}
{"level":"info","message":"log❯❯▶ Connected to DB !!"}
{"level":"info","message":"log❯❯▶ Connected to DB !!"}
{"level":"info","message":"log❯❯▶ Connected to DB !!"}
{"level":"info","message":"log❯❯▶ Connected to DB !!"}
{"level":"info","message":"log❯❯▶ Connected to DB !!"}
{"level":"info","message":"log❯❯▶ Connected to DB !!"}
{"level":"info","message":"log❯❯▶ Connected to DB !!"}
{"level":"info","message":"log❯❯▶ Connected to DB !!"}
{"level":"info","message":"log❯❯▶ Connected to DB !!"}
{"level":"info","message":"log❯❯▶ Connected to DB !!"}
{"level":"info","message":"log❯❯▶ Connected to DB !!"}
{"level":"info","message":"log❯❯▶ Connected to DB !!"}
{"level":"info","message":"log❯❯▶ Connected to DB !!"}
{"level":"info","message":"log❯❯▶ Connected to DB !!"}
{"level":"info","message":"log❯❯▶ Connected to DB !!"}
{"level":"info","message":"log❯❯▶ Connected to DB !!"}
{"level":"info","message":"log❯❯▶ Connected to DB !!"}
{"level":"info","message":"log❯❯▶ Connected to DB !!"}
{"level":"info","message":"log❯❯▶ Connected to DB !!"}
{"level":"info","message":"log❯❯▶ Connected to DB !!"}
{"level":"info","message":"log❯❯▶ Connected to DB !!"}
{"level":"info","message":"log❯❯▶ Connected to DB !!"}
{"level":"info","message":"log❯❯▶ Connected to DB !!"}
{"level":"info","message":"log❯❯▶ Connected to DB !!"}
{"level":"info","message":"log❯❯▶ Connected to DB !!"}
{"level":"info","message":"log❯❯▶ Connected to DB !!"}
{"level":"info","message":"log❯❯▶ Connected to DB !!"}
{"level":"info","message":"log❯❯▶ Connected to DB !!"}
{"level":"info","message":"log❯❯▶ Connected to DB !!"}
{"level":"info","message":"log❯❯▶ Connected to DB !!"}
{"level":"info","message":"log❯❯▶ Connected to DB !!"}
{"level":"info","message":"log❯❯▶ Connected to DB !!"}
{"level":"info","message":"log❯❯▶ Connected to DB !!"}
{"level":"info","message":"log❯❯▶ Connected to DB !!"}
{"level":"info","message":"log❯❯▶ Connected to DB !!"}
{"level":"info","message":"log❯❯▶ Connected to DB !!"}
{"level":"info","message":"log❯❯▶ Connected to DB !!"}
{"level":"info","message":"log❯❯▶ Connected to DB !!"}
{"level":"info","message":"log❯❯▶ Connected to DB !!"}
{"level":"info","message":"log❯❯▶ Connected to DB !!"}
{"level":"info","message":"log❯❯▶ Connected to DB !!"}
{"level":"info","message":"log❯❯▶ Connected to DB !!"}
{"level":"info","message":"log❯❯▶ Connected to DB !!"}
{"level":"info","message":"log❯❯▶ Connected to DB !!"}
{"level":"info","message":"log❯❯▶ Connected to DB !!"}
{"level":"info","message":"log❯❯▶ Connected to DB !!"}
{"level":"info","message":"log❯❯▶ Connected to DB !!"}
{"level":"info","message":"log❯❯▶ Connected to DB !!"}
{"level":"info","message":"log❯❯▶ Connected to DB !!"}
{"level":"info","message":"log❯❯▶ Connected to DB !!"}
{"level":"info","message":"log❯❯▶ Connected to DB !!"}
{"level":"info","message":"log❯❯▶ Connected to DB !!"}
{"level":"info","message":"log❯❯▶ Connected to DB !!"}
{"level":"info","message":"log❯❯▶ Connected to DB !!"}
{"level":"info","message":"log❯❯▶ Connected to DB !!"}
{"level":"info","message":"log❯❯▶ Connected to DB !!"}
{"level":"info","message":"log❯❯▶ Connected to DB !!"}
{"level":"info","message":"log❯❯▶ Connected to DB !!"}
{"level":"info","message":"log❯❯▶ Connected to DB !!"}
{"level":"info","message":"log❯❯▶ Connected to DB !!"}
{"level":"info","message":"log❯❯▶ Connected to DB !!"}
{"level":"info","message":"log❯❯▶ Connected to DB !!"}
{"level":"info","message":"log❯❯▶ Connected to DB !!"}
{"level":"info","message":"log❯❯▶ Connected to DB !!"}
{"level":"info","message":"log❯❯▶ Connected to DB !!"}
{"level":"info","message":"log❯❯▶ Connected to DB !!"}
{"level":"info","message":"log❯❯▶ Connected to DB !!"}
{"level":"info","message":"log❯❯▶ Connected to DB !!"}
{"level":"info","message":"log❯❯▶ Connected to DB !!"}
{"level":"info","message":"log❯❯▶ Connected to DB !!"}
{"level":"info","message":"log❯❯▶ Connected to DB !!"}
{"level":"info","message":"log❯❯▶ Connected to DB !!"}
{"level":"info","message":"log❯❯▶ Connected to DB !!"}
{"level":"info","message":"log❯❯▶ Connected to DB !!"}
{"level":"info","message":"log❯❯▶ Connected to DB !!"}
{"level":"error","message":"(..\\lib\\connectDB.js:11)❯❯▶ Invalid scheme, expected connection string to start with \"mongodb://\" or \"mongodb+srv://\"","stack":"MongoParseError: Invalid scheme, expected connection string to start with \"mongodb://\" or \"mongodb+srv://\"\n    at new ConnectionString (D:\\backend-intern\\node_modules\\mongodb-connection-string-url\\lib\\index.js:86:19)\n    at parseOptions (D:\\backend-intern\\node_modules\\mongodb\\lib\\connection_string.js:217:17)\n    at new MongoClient (D:\\backend-intern\\node_modules\\mongodb\\lib\\mongo_client.js:62:63)\n    at D:\\backend-intern\\node_modules\\mongoose\\lib\\connection.js:784:16\n    at new Promise (<anonymous>)\n    at NativeConnection.Connection.openUri (D:\\backend-intern\\node_modules\\mongoose\\lib\\connection.js:781:19)\n    at D:\\backend-intern\\node_modules\\mongoose\\lib\\index.js:340:10\n    at D:\\backend-intern\\node_modules\\mongoose\\lib\\helpers\\promiseOrCallback.js:32:5\n    at new Promise (<anonymous>)\n    at promiseOrCallback (D:\\backend-intern\\node_modules\\mongoose\\lib\\helpers\\promiseOrCallback.js:31:10)"}
{"level":"info","message":"log❯❯▶ Connected to DB !!"}
{"level":"info","message":"log❯❯▶ Connected to DB !!"}
{"level":"info","message":"log❯❯▶ Connected to DB !!"}
{"level":"info","message":"log❯❯▶ Connected to DB !!"}
{"level":"info","message":"log❯❯▶ Connected to DB !!"}
{"level":"info","message":"log❯❯▶ Connected to DB !!"}
{"level":"info","message":"log❯❯▶ Connected to DB !!"}
{"level":"info","message":"log❯❯▶ Connected to DB !!"}
{"level":"info","message":"log❯❯▶ Connected to DB !!"}
{"level":"info","message":"log❯❯▶ Connected to DB !!"}
{"level":"info","message":"log❯❯▶ Connected to DB !!"}
{"level":"info","message":"log❯❯▶ Connected to DB !!"}
{"level":"error","message":"(..\\lib\\connectDB.js:12)❯❯▶ Invalid scheme, expected connection string to start with \"mongodb://\" or \"mongodb+srv://\"","stack":"MongoParseError: Invalid scheme, expected connection string to start with \"mongodb://\" or \"mongodb+srv://\"\n    at new ConnectionString (D:\\backend-intern\\node_modules\\mongodb-connection-string-url\\lib\\index.js:86:19)\n    at parseOptions (D:\\backend-intern\\node_modules\\mongodb\\lib\\connection_string.js:217:17)\n    at new MongoClient (D:\\backend-intern\\node_modules\\mongodb\\lib\\mongo_client.js:62:63)\n    at D:\\backend-intern\\node_modules\\mongoose\\lib\\connection.js:784:16\n    at new Promise (<anonymous>)\n    at NativeConnection.Connection.openUri (D:\\backend-intern\\node_modules\\mongoose\\lib\\connection.js:781:19)\n    at D:\\backend-intern\\node_modules\\mongoose\\lib\\index.js:340:10\n    at D:\\backend-intern\\node_modules\\mongoose\\lib\\helpers\\promiseOrCallback.js:32:5\n    at new Promise (<anonymous>)\n    at promiseOrCallback (D:\\backend-intern\\node_modules\\mongoose\\lib\\helpers\\promiseOrCallback.js:31:10)"}
{"level":"error","message":"(..\\lib\\connectDB.js:12)❯❯▶ Invalid scheme, expected connection string to start with \"mongodb://\" or \"mongodb+srv://\"","stack":"MongoParseError: Invalid scheme, expected connection string to start with \"mongodb://\" or \"mongodb+srv://\"\n    at new ConnectionString (D:\\backend-intern\\node_modules\\mongodb-connection-string-url\\lib\\index.js:86:19)\n    at parseOptions (D:\\backend-intern\\node_modules\\mongodb\\lib\\connection_string.js:217:17)\n    at new MongoClient (D:\\backend-intern\\node_modules\\mongodb\\lib\\mongo_client.js:62:63)\n    at D:\\backend-intern\\node_modules\\mongoose\\lib\\connection.js:784:16\n    at new Promise (<anonymous>)\n    at NativeConnection.Connection.openUri (D:\\backend-intern\\node_modules\\mongoose\\lib\\connection.js:781:19)\n    at D:\\backend-intern\\node_modules\\mongoose\\lib\\index.js:340:10\n    at D:\\backend-intern\\node_modules\\mongoose\\lib\\helpers\\promiseOrCallback.js:32:5\n    at new Promise (<anonymous>)\n    at promiseOrCallback (D:\\backend-intern\\node_modules\\mongoose\\lib\\helpers\\promiseOrCallback.js:31:10)"}
{"level":"info","message":"log❯❯▶ Connected to DB !!"}
{"level":"info","message":"log❯❯▶ Connected to DB !!"}
{"level":"info","message":"log❯❯▶ Connected to DB !!"}
{"level":"info","message":"log❯❯▶ Connected to DB !!"}
{"level":"info","message":"log❯❯▶ Connected to DB !!"}
{"level":"info","message":"log❯❯▶ Connected to DB !!"}
{"level":"info","message":"log❯❯▶ Connected to DB !!"}
{"level":"info","message":"log❯❯▶ Connected to DB !!"}
{"level":"info","message":"log❯❯▶ Connected to DB !!"}
{"level":"info","message":"log❯❯▶ Connected to DB !!"}
{"level":"info","message":"log❯❯▶ Connected to DB !!"}
{"level":"info","message":"log❯❯▶ Connected to DB !!"}
{"level":"info","message":"log❯❯▶ Connected to DB !!"}
{"level":"info","message":"log❯❯▶ Connected to DB !!"}
{"level":"info","message":"log❯❯▶ Connected to DB !!"}
{"level":"info","message":"log❯❯▶ Connected to DB !!"}
{"level":"info","message":"log❯❯▶ Connected to DB !!"}
{"level":"info","message":"log❯❯▶ Connected to DB !!"}
{"level":"info","message":"log❯❯▶ Connected to DB !!"}
{"level":"info","message":"log❯❯▶ Connected to DB !!"}
{"level":"info","message":"log❯❯▶ Connected to DB !!"}
{"level":"info","message":"log❯❯▶ Connected to DB !!"}
{"level":"info","message":"log❯❯▶ Connected to DB !!"}
{"level":"info","message":"log❯❯▶ Connected to DB !!"}
{"level":"info","message":"log❯❯▶ Connected to DB !!"}
{"level":"info","message":"log❯❯▶ Connected to DB !!"}
{"level":"info","message":"log❯❯▶ Connected to DB !!"}
{"level":"info","message":"log❯❯▶ Connected to DB !!"}
{"level":"info","message":"log❯❯▶ Connected to DB !!"}
{"level":"info","message":"log❯❯▶ Connected to DB !!"}
{"level":"info","message":"log❯❯▶ Connected to DB !!"}
{"level":"info","message":"log❯❯▶ Connected to DB !!"}
{"level":"info","message":"log❯❯▶ Connected to DB !!"}
{"level":"info","message":"log❯❯▶ Connected to DB !!"}
{"level":"info","message":"log❯❯▶ Connected to DB !!"}
{"level":"info","message":"log❯❯▶ Connected to DB !!"}
{"level":"info","message":"log❯❯▶ Connected to DB !!"}
{"level":"info","message":"log❯❯▶ Connected to DB !!"}
{"level":"info","message":"log❯❯▶ Connected to DB !!"}
{"level":"info","message":"log❯❯▶ Connected to DB !!"}
{"level":"info","message":"Wed Apr 20 2022 11:45:48 GMT+0700 (เวลาอินโดจีน) GET / 200 218 - 62.797 ms\n","meta":{"serverLogs":"server-logs"}}
{"level":"info","message":"Wed Apr 20 2022 11:45:48 GMT+0700 (เวลาอินโดจีน) GET /stylesheets/style.css 200 119 - 36.650 ms\n","meta":{"serverLogs":"server-logs"}}
{"level":"info","message":"Wed Apr 20 2022 11:45:48 GMT+0700 (เวลาอินโดจีน) GET /favicon.ico 404 876 - 8.709 ms\n","meta":{"serverLogs":"server-logs"}}
{"level":"info","message":"Wed Apr 20 2022 11:48:45 GMT+0700 (เวลาอินโดจีน) GET / 304 - - 10.271 ms\n","meta":{"serverLogs":"server-logs"}}
{"level":"info","message":"Wed Apr 20 2022 11:48:46 GMT+0700 (เวลาอินโดจีน) GET /stylesheets/style.css 304 - - 4.097 ms\n","meta":{"serverLogs":"server-logs"}}
{"level":"info","message":"log❯❯▶ Connected to DB !!"}
{"level":"info","message":"log❯❯▶ Connected to DB !!"}
{"level":"info","message":"log❯❯▶ Connected to DB !!"}
{"level":"info","message":"Wed Apr 20 2022 11:52:53 GMT+0700 (เวลาอินโดจีน) GET / 304 - - 27.886 ms\n","meta":{"serverLogs":"server-logs"}}
{"level":"info","message":"Wed Apr 20 2022 11:52:53 GMT+0700 (เวลาอินโดจีน) GET /stylesheets/style.css 304 - - 7.076 ms\n","meta":{"serverLogs":"server-logs"}}
{"level":"error","message":"log❯❯▶ Agents collection is empty."}
{"level":"info","message":"Wed Apr 20 2022 11:53:14 GMT+0700 (เวลาอินโดจีน) GET /agent/getAll 404 41 - 49.534 ms\n","meta":{"serverLogs":"server-logs"}}
{"level":"info","message":"log❯❯▶ Connected to DB !!"}
{"level":"error","message":"log❯❯▶ Villagers collection is empty."}
{"level":"info","message":"Wed Apr 20 2022 11:56:17 GMT+0700 (เวลาอินโดจีน) GET /petition/getAll 404 44 - 56.808 ms\n","meta":{"serverLogs":"server-logs"}}
{"level":"info","message":"log❯❯▶ Connected to DB !!"}
{"level":"info","message":"log❯❯▶ Connected to DB !!"}
{"level":"info","message":"log❯❯▶ Connected to DB !!"}
{"level":"info","message":"log❯❯▶ Connected to DB !!"}
{"level":"info","message":"log❯❯▶ Connected to DB !!"}
{"level":"info","message":"log❯❯▶ Connected to DB !!"}
{"level":"info","message":"log❯❯▶ Connected to DB !!"}
{"level":"info","message":"log❯❯▶ Connected to DB !!"}
{"level":"info","message":"log❯❯▶ Connected to DB !!"}
{"level":"info","message":"log❯❯▶ Connected to DB !!"}
{"level":"info","message":"log❯❯▶ Connected to DB !!"}
{"level":"info","message":"log❯❯▶ Connected to DB !!"}
{"level":"info","message":"log❯❯▶ Connected to DB !!"}
{"level":"info","message":"log❯❯▶ Connected to DB !!"}
{"level":"info","message":"log❯❯▶ Connected to DB !!"}
{"level":"info","message":"log❯❯▶ Connected to DB !!"}
{"level":"info","message":"log❯❯▶ Connected to DB !!"}
{"level":"info","message":"log❯❯▶ Connected to DB !!"}
{"level":"info","message":"log❯❯▶ Connected to DB !!"}
{"level":"info","message":"log❯❯▶ Connected to DB !!"}
{"level":"info","message":"log❯❯▶ Connected to DB !!"}
{"level":"info","message":"log❯❯▶ Connected to DB !!"}
{"level":"info","message":"log❯❯▶ Connected to DB !!"}
{"level":"info","message":"log❯❯▶ Connected to DB !!"}
{"level":"info","message":"log❯❯▶ Connected to DB !!"}
{"level":"info","message":"log❯❯▶ Connected to DB !!"}
{"level":"info","message":"log❯❯▶ Connected to DB !!"}
{"level":"info","message":"log❯❯▶ Connected to DB !!"}
{"level":"info","message":"log❯❯▶ Connected to DB !!"}
{"level":"info","message":"log❯❯▶ Connected to DB !!"}
{"level":"info","message":"log❯❯▶ Connected to DB !!"}
{"level":"info","message":"log❯❯▶ Connected to DB !!"}
{"level":"info","message":"log❯❯▶ Connected to DB !!"}
{"level":"info","message":"log❯❯▶ Connected to DB !!"}
{"level":"info","message":"log❯❯▶ Connected to DB !!"}
{"level":"info","message":"log❯❯▶ Connected to DB !!"}
{"level":"info","message":"log❯❯▶ Connected to DB !!"}
{"level":"info","message":"log❯❯▶ Connected to DB !!"}
{"level":"info","message":"log❯❯▶ Connected to DB !!"}
{"level":"info","message":"log❯❯▶ Connected to DB !!"}
{"level":"info","message":"log❯❯▶ Connected to DB !!"}
{"level":"info","message":"log❯❯▶ Connected to DB !!"}
{"level":"info","message":"log❯❯▶ Connected to DB !!"}
{"level":"info","message":"log❯❯▶ Connected to DB !!"}
{"level":"info","message":"log❯❯▶ Connected to DB !!"}
{"level":"info","message":"log❯❯▶ Connected to DB !!"}
{"level":"info","message":"log❯❯▶ Connected to DB !!"}
{"level":"info","message":"log❯❯▶ Connected to DB !!"}
{"level":"info","message":"log❯❯▶ Connected to DB !!"}
{"level":"info","message":"log❯❯▶ Connected to DB !!"}
{"level":"info","message":"log❯❯▶ Connected to DB !!"}
{"level":"info","message":"log❯❯▶ Connected to DB !!"}
{"level":"info","message":"log❯❯▶ Connected to DB !!"}
{"level":"info","message":"log❯❯▶ Connected to DB !!"}
{"level":"info","message":"log❯❯▶ Connected to DB !!"}
{"level":"info","message":"log❯❯▶ Connected to DB !!"}
{"level":"info","message":"log❯❯▶ Connected to DB !!"}
{"level":"info","message":"log❯❯▶ Connected to DB !!"}
{"level":"info","message":"log❯❯▶ Connected to DB !!"}
{"level":"info","message":"log❯❯▶ Connected to DB !!"}
{"level":"info","message":"log❯❯▶ Connected to DB !!"}
{"level":"info","message":"log❯❯▶ Connected to DB !!"}
{"level":"info","message":"log❯❯▶ Connected to DB !!"}
{"level":"info","message":"log❯❯▶ Connected to DB !!"}
{"level":"info","message":"log❯❯▶ Connected to DB !!"}
{"level":"info","message":"log❯❯▶ Connected to DB !!"}
{"level":"info","message":"log❯❯▶ Connected to DB !!"}
{"level":"info","message":"log❯❯▶ Connected to DB !!"}
{"level":"info","message":"log❯❯▶ Connected to DB !!"}
{"level":"info","message":"log❯❯▶ Connected to DB !!"}
{"level":"info","message":"log❯❯▶ Connected to DB !!"}
{"level":"info","message":"log❯❯▶ Connected to DB !!"}
{"level":"info","message":"log❯❯▶ Connected to DB !!"}
{"level":"info","message":"log❯❯▶ Connected to DB !!"}
{"level":"info","message":"log❯❯▶ Connected to DB !!"}
{"level":"info","message":"log❯❯▶ Connected to DB !!"}
{"level":"info","message":"log❯❯▶ Connected to DB !!"}
{"level":"info","message":"log❯❯▶ Connected to DB !!"}
{"level":"info","message":"log❯❯▶ Connected to DB !!"}
{"level":"info","message":"log❯❯▶ Connected to DB !!"}
{"level":"info","message":"log❯❯▶ Connected to DB !!"}
{"level":"info","message":"log❯❯▶ Connected to DB !!"}
{"level":"info","message":"log❯❯▶ Connected to DB !!"}
{"level":"info","message":"log❯❯▶ Connected to DB !!"}
{"level":"info","message":"log❯❯▶ Connected to DB !!"}
{"level":"info","message":"log❯❯▶ Connected to DB !!"}
{"level":"info","message":"log❯❯▶ Connected to DB !!"}
{"level":"info","message":"log❯❯▶ Connected to DB !!"}
{"level":"info","message":"log❯❯▶ Connected to DB !!"}
{"level":"info","message":"log❯❯▶ Connected to DB !!"}
{"level":"info","message":"log❯❯▶ Connected to DB !!"}
{"level":"info","message":"log❯❯▶ Connected to DB !!"}
{"level":"info","message":"log❯❯▶ Connected to DB !!"}
{"level":"info","message":"log❯❯▶ Connected to DB !!"}
{"level":"info","message":"log❯❯▶ Connected to DB !!"}
{"level":"info","message":"log❯❯▶ Connected to DB !!"}
{"level":"info","message":"log❯❯▶ Connected to DB !!"}
{"level":"info","message":"log❯❯▶ Connected to DB !!"}
{"level":"info","message":"log❯❯▶ Connected to DB !!"}
{"level":"info","message":"log❯❯▶ Connected to DB !!"}
{"level":"info","message":"log❯❯▶ Connected to DB !!"}
{"level":"info","message":"log❯❯▶ Connected to DB !!"}
{"level":"info","message":"log❯❯▶ Connected to DB !!"}
{"level":"info","message":"log❯❯▶ Connected to DB !!"}
{"level":"info","message":"log❯❯▶ Connected to DB !!"}
{"level":"info","message":"log❯❯▶ Connected to DB !!"}
{"level":"info","message":"log❯❯▶ Connected to DB !!"}
{"level":"info","message":"log❯❯▶ Connected to DB !!"}
{"level":"info","message":"log❯❯▶ Connected to DB !!"}
{"level":"info","message":"log❯❯▶ Connected to DB !!"}
{"level":"info","message":"log❯❯▶ Connected to DB !!"}
{"level":"info","message":"log❯❯▶ Connected to DB !!"}
{"level":"info","message":"log❯❯▶ Connected to DB !!"}
{"level":"info","message":"log❯❯▶ Connected to DB !!"}
{"level":"info","message":"log❯❯▶ Connected to DB !!"}
{"level":"info","message":"log❯❯▶ Connected to DB !!"}
{"level":"info","message":"log❯❯▶ Connected to DB !!"}
{"level":"info","message":"log❯❯▶ Connected to DB !!"}
{"level":"info","message":"log❯❯▶ Connected to DB !!"}
{"level":"info","message":"log❯❯▶ Connected to DB !!"}
{"level":"info","message":"log❯❯▶ Connected to DB !!"}
{"level":"info","message":"log❯❯▶ Connected to DB !!"}
{"level":"info","message":"log❯❯▶ Connected to DB !!"}
{"level":"info","message":"log❯❯▶ Connected to DB !!"}
{"level":"info","message":"log❯❯▶ Connected to DB !!"}
{"level":"info","message":"log❯❯▶ Connected to DB !!"}
{"level":"info","message":"log❯❯▶ Connected to DB !!"}
{"level":"info","message":"log❯❯▶ Connected to DB !!"}
{"level":"info","message":"log❯❯▶ Connected to DB !!"}
{"level":"info","message":"log❯❯▶ Connected to DB !!"}
{"level":"info","message":"log❯❯▶ Connected to DB !!"}
{"level":"info","message":"log❯❯▶ Connected to DB !!"}
{"level":"info","message":"log❯❯▶ Connected to DB !!"}
{"level":"info","message":"log❯❯▶ Connected to DB !!"}
{"level":"info","message":"log❯❯▶ Connected to DB !!"}
{"level":"info","message":"log❯❯▶ Connected to DB !!"}
{"level":"info","message":"log❯❯▶ Connected to DB !!"}
{"level":"info","message":"log❯❯▶ Connected to DB !!"}
{"level":"info","message":"log❯❯▶ Connected to DB !!"}
{"level":"info","message":"log❯❯▶ Connected to DB !!"}
{"level":"info","message":"log❯❯▶ Connected to DB !!"}
{"level":"info","message":"log❯❯▶ Connected to DB !!"}
{"level":"info","message":"log❯❯▶ Connected to DB !!"}
{"level":"info","message":"log❯❯▶ Connected to DB !!"}
{"level":"info","message":"log❯❯▶ Connected to DB !!"}
{"level":"info","message":"log❯❯▶ Connected to DB !!"}
{"level":"info","message":"log❯❯▶ Connected to DB !!"}
{"level":"info","message":"log❯❯▶ Connected to DB !!"}
{"level":"info","message":"log❯❯▶ Connected to DB !!"}
{"level":"info","message":"log❯❯▶ Connected to DB !!"}
{"level":"info","message":"log❯❯▶ Connected to DB !!"}
{"level":"info","message":"log❯❯▶ Connected to DB !!"}
{"level":"info","message":"log❯❯▶ Connected to DB !!"}
{"level":"info","message":"log❯❯▶ Connected to DB !!"}
{"level":"info","message":"log❯❯▶ Connected to DB !!"}
{"level":"info","message":"log❯❯▶ Connected to DB !!"}
{"level":"info","message":"log❯❯▶ Connected to DB !!"}
{"level":"info","message":"log❯❯▶ Connected to DB !!"}
{"level":"info","message":"log❯❯▶ Connected to DB !!"}
{"level":"info","message":"log❯❯▶ Connected to DB !!"}
{"level":"info","message":"log❯❯▶ Connected to DB !!"}
{"level":"info","message":"log❯❯▶ Connected to DB !!"}
{"level":"info","message":"log❯❯▶ Connected to DB !!"}
{"level":"info","message":"log❯❯▶ Connected to DB !!"}
{"level":"info","message":"log❯❯▶ Connected to DB !!"}
{"level":"info","message":"log❯❯▶ Connected to DB !!"}
{"level":"info","message":"log❯❯▶ Connected to DB !!"}
{"level":"info","message":"log❯❯▶ Connected to DB !!"}
{"level":"info","message":"log❯❯▶ Connected to DB !!"}
{"level":"info","message":"log❯❯▶ Connected to DB !!"}
{"level":"info","message":"log❯❯▶ Connected to DB !!"}
{"level":"info","message":"log❯❯▶ Connected to DB !!"}
{"level":"info","message":"log❯❯▶ Connected to DB !!"}
{"level":"info","message":"log❯❯▶ Connected to DB !!"}
{"level":"info","message":"log❯❯▶ Connected to DB !!"}
{"level":"info","message":"log❯❯▶ Connected to DB !!"}
{"level":"info","message":"log❯❯▶ Connected to DB !!"}
{"level":"info","message":"log❯❯▶ Connected to DB !!"}
{"level":"info","message":"log❯❯▶ Connected to DB !!"}
{"level":"info","message":"log❯❯▶ Connected to DB !!"}
{"level":"info","message":"log❯❯▶ Connected to DB !!"}
{"level":"info","message":"log❯❯▶ Connected to DB !!"}
{"level":"info","message":"log❯❯▶ Connected to DB !!"}
{"level":"info","message":"log❯❯▶ Connected to DB !!"}
{"level":"info","message":"log❯❯▶ Connected to DB !!"}
{"level":"info","message":"log❯❯▶ Connected to DB !!"}
{"level":"info","message":"log❯❯▶ Connected to DB !!"}
{"level":"info","message":"log❯❯▶ Connected to DB !!"}
{"level":"info","message":"log❯❯▶ Connected to DB !!"}
{"level":"info","message":"log❯❯▶ Connected to DB !!"}
{"level":"info","message":"log❯❯▶ Connected to DB !!"}
{"level":"info","message":"log❯❯▶ Connected to DB !!"}
{"level":"info","message":"log❯❯▶ Connected to DB !!"}
{"level":"info","message":"log❯❯▶ Connected to DB !!"}
{"level":"info","message":"log❯❯▶ Connected to DB !!"}
{"level":"info","message":"log❯❯▶ Connected to DB !!"}
{"level":"info","message":"log❯❯▶ Connected to DB !!"}
{"level":"info","message":"log❯❯▶ Connected to DB !!"}
{"level":"info","message":"log❯❯▶ Connected to DB !!"}
{"level":"info","message":"log❯❯▶ Connected to DB !!"}
{"level":"info","message":"log❯❯▶ Connected to DB !!"}
{"level":"info","message":"log❯❯▶ Connected to DB !!"}
{"level":"info","message":"log❯❯▶ Connected to DB !!"}
{"level":"info","message":"log❯❯▶ Connected to DB !!"}
{"level":"info","message":"log❯❯▶ Connected to DB !!"}
{"level":"info","message":"log❯❯▶ Connected to DB !!"}
{"level":"info","message":"log❯❯▶ Connected to DB !!"}
{"level":"info","message":"log❯❯▶ Connected to DB !!"}
{"level":"info","message":"log❯❯▶ Connected to DB !!"}
{"level":"info","message":"log❯❯▶ Connected to DB !!"}
{"level":"info","message":"log❯❯▶ Connected to DB !!"}
{"level":"info","message":"log❯❯▶ Connected to DB !!"}
{"level":"info","message":"log❯❯▶ Connected to DB !!"}
{"level":"info","message":"log❯❯▶ Connected to DB !!"}
{"level":"info","message":"log❯❯▶ Connected to DB !!"}
{"level":"info","message":"log❯❯▶ Connected to DB !!"}
{"level":"info","message":"log❯❯▶ Connected to DB !!"}
{"level":"info","message":"log❯❯▶ Connected to DB !!"}
{"level":"info","message":"log❯❯▶ Connected to DB !!"}
{"level":"info","message":"log❯❯▶ Connected to DB !!"}
{"level":"info","message":"log❯❯▶ Connected to DB !!"}
{"level":"info","message":"log❯❯▶ Connected to DB !!"}
{"level":"info","message":"log❯❯▶ Connected to DB !!"}
{"level":"info","message":"log❯❯▶ Connected to DB !!"}
{"level":"info","message":"log❯❯▶ Connected to DB !!"}
{"level":"info","message":"log❯❯▶ Connected to DB !!"}
{"level":"info","message":"log❯❯▶ Connected to DB !!"}
{"level":"info","message":"log❯❯▶ Connected to DB !!"}
{"level":"info","message":"log❯❯▶ Connected to DB !!"}
{"level":"info","message":"log❯❯▶ Connected to DB !!"}
{"level":"info","message":"log❯❯▶ Connected to DB !!"}
{"level":"info","message":"log❯❯▶ Connected to DB !!"}
{"level":"info","message":"log❯❯▶ Connected to DB !!"}
{"level":"info","message":"log❯❯▶ Connected to DB !!"}
{"level":"error","message":"log❯❯▶ Villagers collection is empty."}
{"level":"info","message":"Wed Apr 20 2022 14:27:15 GMT+0700 (เวลาอินโดจีน) GET /villager/getAll 404 44 - 47.963 ms\n","meta":{"serverLogs":"server-logs"}}
{"level":"info","message":"log❯❯▶ Connected to DB !!"}
{"level":"info","message":"log❯❯▶ Connected to DB !!"}
{"level":"info","message":"log❯❯▶ Connected to DB !!"}
{"level":"info","message":"log❯❯▶ Connected to DB !!"}
{"level":"info","message":"log❯❯▶ Connected to DB !!"}
{"level":"info","message":"log❯❯▶ Connected to DB !!"}
{"level":"info","message":"log❯❯▶ Connected to DB !!"}
{"level":"info","message":"log❯❯▶ Connected to DB !!"}
{"level":"info","message":"log❯❯▶ Connected to DB !!"}
{"level":"info","message":"log❯❯▶ Connected to DB !!"}
{"level":"info","message":"log❯❯▶ Connected to DB !!"}
{"level":"info","message":"log❯❯▶ Connected to DB !!"}
{"level":"info","message":"log❯❯▶ Connected to DB !!"}
{"level":"info","message":"log❯❯▶ Connected to DB !!"}
{"level":"info","message":"log❯❯▶ Connected to DB !!"}
{"level":"info","message":"log❯❯▶ Connected to DB !!"}
{"level":"info","message":"log❯❯▶ Connected to DB !!"}
{"level":"info","message":"log❯❯▶ Connected to DB !!"}
{"level":"info","message":"log❯❯▶ Connected to DB !!"}
{"level":"info","message":"log❯❯▶ Connected to DB !!"}
{"level":"info","message":"log❯❯▶ Connected to DB !!"}
{"level":"info","message":"log❯❯▶ Connected to DB !!"}
{"level":"info","message":"log❯❯▶ Connected to DB !!"}
{"level":"info","message":"log❯❯▶ Connected to DB !!"}
{"level":"info","message":"log❯❯▶ Connected to DB !!"}
{"level":"info","message":"log❯❯▶ Connected to DB !!"}
{"level":"info","message":"log❯❯▶ Connected to DB !!"}
{"level":"info","message":"log❯❯▶ Connected to DB !!"}
{"level":"info","message":"log❯❯▶ Connected to DB !!"}
{"level":"info","message":"log❯❯▶ Connected to DB !!"}
{"level":"info","message":"log❯❯▶ Connected to DB !!"}
{"level":"info","message":"log❯❯▶ Connected to DB !!"}
{"level":"info","message":"log❯❯▶ Connected to DB !!"}
{"level":"info","message":"log❯❯▶ Connected to DB !!"}
{"level":"info","message":"log❯❯▶ Connected to DB !!"}
{"level":"info","message":"log❯❯▶ Connected to DB !!"}
{"level":"info","message":"log❯❯▶ Connected to DB !!"}
{"level":"info","message":"log❯❯▶ Connected to DB !!"}
{"level":"info","message":"log❯❯▶ Connected to DB !!"}
{"level":"info","message":"log❯❯▶ Connected to DB !!"}
{"level":"info","message":"log❯❯▶ Connected to DB !!"}
{"level":"info","message":"log❯❯▶ Connected to DB !!"}
{"level":"info","message":"log❯❯▶ Connected to DB !!"}
{"level":"info","message":"log❯❯▶ Connected to DB !!"}
{"level":"info","message":"log❯❯▶ Connected to DB !!"}
{"level":"info","message":"log❯❯▶ Connected to DB !!"}
{"level":"info","message":"log❯❯▶ Connected to DB !!"}
{"level":"info","message":"log❯❯▶ Connected to DB !!"}
{"level":"info","message":"log❯❯▶ Connected to DB !!"}
{"level":"info","message":"log❯❯▶ Connected to DB !!"}
{"level":"info","message":"log❯❯▶ Connected to DB !!"}
{"level":"info","message":"log❯❯▶ Connected to DB !!"}
{"level":"info","message":"log❯❯▶ Connected to DB !!"}
{"level":"info","message":"log❯❯▶ Connected to DB !!"}
{"level":"info","message":"log❯❯▶ Connected to DB !!"}
{"level":"info","message":"log❯❯▶ Connected to DB !!"}
{"level":"info","message":"log❯❯▶ Connected to DB !!"}
{"level":"info","message":"log❯❯▶ Connected to DB !!"}
{"level":"info","message":"log❯❯▶ Connected to DB !!"}
{"level":"info","message":"log❯❯▶ Connected to DB !!"}
{"level":"info","message":"log❯❯▶ Connected to DB !!"}
{"level":"info","message":"log❯❯▶ Connected to DB !!"}
{"level":"info","message":"log❯❯▶ Connected to DB !!"}
{"level":"info","message":"log❯❯▶ Connected to DB !!"}
{"level":"info","message":"log❯❯▶ Connected to DB !!"}
{"level":"info","message":"log❯❯▶ Connected to DB !!"}
{"level":"info","message":"log❯❯▶ Connected to DB !!"}
{"level":"info","message":"log❯❯▶ Connected to DB !!"}
{"level":"info","message":"log❯❯▶ Connected to DB !!"}
{"level":"info","message":"log❯❯▶ Connected to DB !!"}
{"level":"info","message":"log❯❯▶ Connected to DB !!"}
{"level":"info","message":"log❯❯▶ Connected to DB !!"}
{"level":"info","message":"log❯❯▶ Connected to DB !!"}
{"level":"info","message":"log❯❯▶ Connected to DB !!"}
{"level":"info","message":"log❯❯▶ Connected to DB !!"}
{"level":"info","message":"log❯❯▶ Connected to DB !!"}
{"level":"info","message":"log❯❯▶ Connected to DB !!"}
{"level":"info","message":"log❯❯▶ Connected to DB !!"}
{"level":"info","message":"log❯❯▶ Connected to DB !!"}
{"level":"info","message":"log❯❯▶ Connected to DB !!"}
{"level":"info","message":"log❯❯▶ Connected to DB !!"}
{"level":"info","message":"log❯❯▶ Connected to DB !!"}
{"level":"info","message":"log❯❯▶ Connected to DB !!"}
{"level":"info","message":"log❯❯▶ Connected to DB !!"}
{"level":"info","message":"log❯❯▶ Connected to DB !!"}
{"level":"info","message":"log❯❯▶ Connected to DB !!"}
{"level":"info","message":"log❯❯▶ Connected to DB !!"}
{"level":"info","message":"log❯❯▶ Connected to DB !!"}
{"level":"info","message":"log❯❯▶ Connected to DB !!"}
{"level":"info","message":"log❯❯▶ Connected to DB !!"}
{"level":"info","message":"log❯❯▶ Connected to DB !!"}
{"level":"info","message":"log❯❯▶ Connected to DB !!"}
{"level":"info","message":"log❯❯▶ Connected to DB !!"}
{"level":"info","message":"log❯❯▶ Connected to DB !!"}
{"level":"info","message":"log❯❯▶ Connected to DB !!"}
{"level":"info","message":"log❯❯▶ Connected to DB !!"}
{"level":"info","message":"log❯❯▶ Connected to DB !!"}
{"level":"info","message":"log❯❯▶ Connected to DB !!"}
{"level":"info","message":"log❯❯▶ Connected to DB !!"}
{"level":"info","message":"log❯❯▶ Connected to DB !!"}
{"level":"info","message":"log❯❯▶ Connected to DB !!"}
{"level":"info","message":"log❯❯▶ Connected to DB !!"}
{"level":"info","message":"log❯❯▶ Connected to DB !!"}
{"level":"info","message":"log❯❯▶ Connected to DB !!"}
{"level":"info","message":"log❯❯▶ Connected to DB !!"}
{"level":"info","message":"log❯❯▶ Connected to DB !!"}
{"level":"info","message":"log❯❯▶ Connected to DB !!"}
{"level":"info","message":"log❯❯▶ Connected to DB !!"}
{"level":"info","message":"log❯❯▶ Connected to DB !!"}
{"level":"info","message":"log❯❯▶ Connected to DB !!"}
{"level":"info","message":"log❯❯▶ Connected to DB !!"}
{"level":"info","message":"log❯❯▶ Connected to DB !!"}
{"level":"info","message":"log❯❯▶ Connected to DB !!"}
{"level":"info","message":"log❯❯▶ Connected to DB !!"}
{"level":"info","message":"log❯❯▶ Connected to DB !!"}
{"level":"info","message":"log❯❯▶ Connected to DB !!"}
{"level":"info","message":"log❯❯▶ Connected to DB !!"}
{"level":"info","message":"log❯❯▶ Connected to DB !!"}
{"level":"info","message":"log❯❯▶ Connected to DB !!"}
{"level":"info","message":"log❯❯▶ Connected to DB !!"}
{"level":"info","message":"log❯❯▶ Connected to DB !!"}
{"level":"info","message":"log❯❯▶ Connected to DB !!"}
{"level":"info","message":"log❯❯▶ Connected to DB !!"}
{"level":"info","message":"log❯❯▶ Connected to DB !!"}
{"level":"info","message":"log❯❯▶ Connected to DB !!"}
{"level":"info","message":"log❯❯▶ Connected to DB !!"}
{"level":"info","message":"log❯❯▶ Connected to DB !!"}
{"level":"info","message":"log❯❯▶ Connected to DB !!"}
{"level":"info","message":"log❯❯▶ Connected to DB !!"}
{"level":"info","message":"log❯❯▶ Connected to DB !!"}
{"level":"info","message":"log❯❯▶ Connected to DB !!"}
{"level":"info","message":"log❯❯▶ Connected to DB !!"}
{"level":"info","message":"log❯❯▶ Connected to DB !!"}
{"level":"info","message":"log❯❯▶ Connected to DB !!"}
{"level":"info","message":"log❯❯▶ Connected to DB !!"}
{"level":"info","message":"log❯❯▶ Connected to DB !!"}
{"level":"info","message":"log❯❯▶ Connected to DB !!"}
{"level":"info","message":"log❯❯▶ Connected to DB !!"}
{"level":"info","message":"log❯❯▶ Connected to DB !!"}
{"level":"info","message":"log❯❯▶ Connected to DB !!"}
{"level":"info","message":"log❯❯▶ Connected to DB !!"}
{"level":"info","message":"log❯❯▶ Connected to DB !!"}
{"level":"info","message":"log❯❯▶ Connected to DB !!"}
{"level":"info","message":"log❯❯▶ Connected to DB !!"}
{"level":"info","message":"log❯❯▶ Connected to DB !!"}
{"level":"info","message":"log❯❯▶ Connected to DB !!"}
{"level":"info","message":"log❯❯▶ Connected to DB !!"}
{"level":"info","message":"log❯❯▶ Connected to DB !!"}
{"level":"info","message":"log❯❯▶ Connected to DB !!"}
{"level":"info","message":"log❯❯▶ Connected to DB !!"}
{"level":"info","message":"log❯❯▶ Connected to DB !!"}
{"level":"info","message":"log❯❯▶ Connected to DB !!"}
{"level":"info","message":"log❯❯▶ Connected to DB !!"}
{"level":"info","message":"log❯❯▶ Connected to DB !!"}
{"level":"info","message":"log❯❯▶ Connected to DB !!"}
{"level":"info","message":"log❯❯▶ Connected to DB !!"}
{"level":"info","message":"log❯❯▶ Connected to DB !!"}
{"level":"info","message":"log❯❯▶ Connected to DB !!"}
{"level":"info","message":"log❯❯▶ Connected to DB !!"}
{"level":"info","message":"log❯❯▶ Connected to DB !!"}
{"level":"info","message":"log❯❯▶ Connected to DB !!"}
{"level":"info","message":"Wed Apr 20 2022 15:03:13 GMT+0700 (เวลาอินโดจีน) POST /auth/signUp 200 451 - 286.725 ms\n","meta":{"serverLogs":"server-logs"}}
{"level":"info","message":"log❯❯▶ Connected to DB !!"}
{"level":"info","message":"log❯❯▶ Connected to DB !!"}
{"level":"info","message":"log❯❯▶ Connected to DB !!"}
{"level":"info","message":"log❯❯▶ Connected to DB !!"}
{"level":"info","message":"log❯❯▶ Connected to DB !!"}
{"level":"info","message":"log❯❯▶ Connected to DB !!"}
{"level":"info","message":"log❯❯▶ Connected to DB !!"}
{"level":"info","message":"log❯❯▶ Connected to DB !!"}
{"level":"info","message":"log❯❯▶ Connected to DB !!"}
{"level":"info","message":"log❯❯▶ Connected to DB !!"}
{"level":"info","message":"log❯❯▶ Connected to DB !!"}
{"level":"info","message":"Wed Apr 20 2022 15:07:38 GMT+0700 (เวลาอินโดจีน) POST /auth/signUp 403 38 - 35.598 ms\n","meta":{"serverLogs":"server-logs"}}
{"level":"info","message":"Wed Apr 20 2022 15:07:49 GMT+0700 (เวลาอินโดจีน) GET /villager/getAll 200 453 - 8.028 ms\n","meta":{"serverLogs":"server-logs"}}
{"level":"info","message":"log❯❯▶ Connected to DB !!"}
{"level":"info","message":"log❯❯▶ Connected to DB !!"}
{"level":"info","message":"log❯❯▶ Connected to DB !!"}
{"level":"info","message":"log❯❯▶ Connected to DB !!"}
{"level":"info","message":"log❯❯▶ Connected to DB !!"}
{"level":"info","message":"log❯❯▶ Connected to DB !!"}
{"level":"info","message":"log❯❯▶ Connected to DB !!"}
{"level":"info","message":"log❯❯▶ Connected to DB !!"}
{"level":"info","message":"log❯❯▶ Connected to DB !!"}
{"level":"info","message":"log❯❯▶ Connected to DB !!"}
{"level":"info","message":"log❯❯▶ Connected to DB !!"}
{"level":"info","message":"log❯❯▶ Connected to DB !!"}
{"level":"info","message":"log❯❯▶ Connected to DB !!"}
{"level":"info","message":"log❯❯▶ Connected to DB !!"}
{"level":"info","message":"log❯❯▶ Connected to DB !!"}
{"level":"info","message":"log❯❯▶ Connected to DB !!"}
{"level":"info","message":"log❯❯▶ Connected to DB !!"}
{"level":"info","message":"log❯❯▶ Connected to DB !!"}
{"level":"info","message":"log❯❯▶ Connected to DB !!"}
{"level":"info","message":"log❯❯▶ Connected to DB !!"}
{"level":"info","message":"log❯❯▶ Connected to DB !!"}
{"level":"info","message":"log❯❯▶ Connected to DB !!"}
{"level":"info","message":"log❯❯▶ Connected to DB !!"}
{"level":"info","message":"log❯❯▶ Connected to DB !!"}
{"level":"info","message":"log❯❯▶ Connected to DB !!"}
{"level":"info","message":"log❯❯▶ Connected to DB !!"}
{"level":"info","message":"log❯❯▶ Connected to DB !!"}
{"level":"info","message":"log❯❯▶ Connected to DB !!"}
{"level":"info","message":"log❯❯▶ Connected to DB !!"}
{"level":"info","message":"log❯❯▶ Connected to DB !!"}
{"level":"info","message":"log❯❯▶ Connected to DB !!"}
{"level":"info","message":"log❯❯▶ Connected to DB !!"}
{"level":"info","message":"log❯❯▶ Connected to DB !!"}
{"level":"info","message":"log❯❯▶ Connected to DB !!"}
{"level":"info","message":"log❯❯▶ Connected to DB !!"}
{"level":"info","message":"log❯❯▶ Connected to DB !!"}
{"level":"info","message":"log❯❯▶ Connected to DB !!"}
{"level":"info","message":"log❯❯▶ Connected to DB !!"}
{"level":"info","message":"log❯❯▶ Connected to DB !!"}
{"level":"info","message":"log❯❯▶ Connected to DB !!"}
{"level":"info","message":"log❯❯▶ Connected to DB !!"}
{"level":"info","message":"log❯❯▶ Connected to DB !!"}
{"level":"info","message":"log❯❯▶ Connected to DB !!"}
{"level":"info","message":"log❯❯▶ Connected to DB !!"}
{"level":"info","message":"log❯❯▶ Connected to DB !!"}
{"level":"info","message":"log❯❯▶ Connected to DB !!"}
{"level":"info","message":"log❯❯▶ Connected to DB !!"}
{"level":"info","message":"log❯❯▶ Connected to DB !!"}
{"level":"info","message":"log❯❯▶ Connected to DB !!"}
{"level":"info","message":"log❯❯▶ Connected to DB !!"}
{"level":"info","message":"log❯❯▶ Connected to DB !!"}
{"level":"info","message":"log❯❯▶ Connected to DB !!"}
{"level":"info","message":"log❯❯▶ Connected to DB !!"}
{"level":"info","message":"log❯❯▶ Connected to DB !!"}
{"level":"info","message":"log❯❯▶ Connected to DB !!"}
{"level":"info","message":"log❯❯▶ Connected to DB !!"}
{"level":"info","message":"log❯❯▶ Connected to DB !!"}
{"level":"info","message":"log❯❯▶ Connected to DB !!"}
{"level":"info","message":"log❯❯▶ Connected to DB !!"}
{"level":"info","message":"log❯❯▶ Connected to DB !!"}
{"level":"info","message":"log❯❯▶ Connected to DB !!"}
{"level":"info","message":"log❯❯▶ Connected to DB !!"}
{"level":"info","message":"log❯❯▶ Connected to DB !!"}
{"level":"info","message":"log❯❯▶ Connected to DB !!"}
{"level":"info","message":"log❯❯▶ Connected to DB !!"}
{"level":"info","message":"log❯❯▶ Connected to DB !!"}
{"level":"info","message":"log❯❯▶ Connected to DB !!"}
{"level":"info","message":"log❯❯▶ Connected to DB !!"}
{"level":"info","message":"log❯❯▶ Connected to DB !!"}
{"level":"info","message":"log❯❯▶ Connected to DB !!"}
{"level":"info","message":"log❯❯▶ Connected to DB !!"}
{"level":"info","message":"log❯❯▶ Connected to DB !!"}
{"level":"info","message":"log❯❯▶ Connected to DB !!"}
{"level":"info","message":"log❯❯▶ Connected to DB !!"}
{"level":"info","message":"log❯❯▶ Connected to DB !!"}
{"level":"info","message":"log❯❯▶ Connected to DB !!"}
{"level":"info","message":"log❯❯▶ Connected to DB !!"}
{"level":"info","message":"log❯❯▶ Connected to DB !!"}
{"level":"info","message":"log❯❯▶ Connected to DB !!"}
{"level":"info","message":"log❯❯▶ Connected to DB !!"}
{"level":"info","message":"log❯❯▶ Connected to DB !!"}
{"level":"info","message":"log❯❯▶ Connected to DB !!"}
{"level":"info","message":"log❯❯▶ Connected to DB !!"}
{"level":"info","message":"log❯❯▶ Connected to DB !!"}
{"level":"info","message":"log❯❯▶ Connected to DB !!"}
{"level":"info","message":"log❯❯▶ Connected to DB !!"}
{"level":"info","message":"log❯❯▶ Connected to DB !!"}
{"level":"info","message":"log❯❯▶ Connected to DB !!"}
{"level":"info","message":"log❯❯▶ Connected to DB !!"}
{"level":"info","message":"log❯❯▶ Connected to DB !!"}
{"level":"info","message":"log❯❯▶ Connected to DB !!"}
{"level":"info","message":"log❯❯▶ Connected to DB !!"}
{"level":"info","message":"log❯❯▶ Connected to DB !!"}
{"level":"info","message":"log❯❯▶ Connected to DB !!"}
{"level":"info","message":"log❯❯▶ Connected to DB !!"}
{"level":"info","message":"log❯❯▶ Connected to DB !!"}
{"level":"info","message":"log❯❯▶ Connected to DB !!"}
{"level":"info","message":"log❯❯▶ Connected to DB !!"}
{"level":"info","message":"log❯❯▶ Connected to DB !!"}
{"level":"info","message":"log❯❯▶ Connected to DB !!"}
{"level":"info","message":"log❯❯▶ Connected to DB !!"}
{"level":"info","message":"log❯❯▶ Connected to DB !!"}
{"level":"info","message":"log❯❯▶ Connected to DB !!"}
{"level":"info","message":"log❯❯▶ Connected to DB !!"}
{"level":"info","message":"log❯❯▶ Connected to DB !!"}
{"level":"info","message":"log❯❯▶ Connected to DB !!"}
{"level":"info","message":"log❯❯▶ Connected to DB !!"}
{"level":"info","message":"log❯❯▶ Connected to DB !!"}
{"level":"info","message":"log❯❯▶ Connected to DB !!"}
{"level":"info","message":"log❯❯▶ Connected to DB !!"}
{"level":"info","message":"log❯❯▶ Connected to DB !!"}
{"level":"info","message":"log❯❯▶ Connected to DB !!"}
{"level":"info","message":"log❯❯▶ Connected to DB !!"}
{"level":"info","message":"log❯❯▶ Connected to DB !!"}
{"level":"info","message":"log❯❯▶ Connected to DB !!"}
{"level":"info","message":"log❯❯▶ Connected to DB !!"}
{"level":"info","message":"log❯❯▶ Connected to DB !!"}
{"level":"info","message":"log❯❯▶ Connected to DB !!"}
{"level":"info","message":"log❯❯▶ Connected to DB !!"}
{"level":"info","message":"log❯❯▶ Connected to DB !!"}
{"level":"info","message":"log❯❯▶ Connected to DB !!"}
{"level":"info","message":"log❯❯▶ Connected to DB !!"}
{"level":"info","message":"log❯❯▶ Connected to DB !!"}
{"level":"info","message":"log❯❯▶ Connected to DB !!"}
{"level":"info","message":"log❯❯▶ Connected to DB !!"}
{"level":"info","message":"log❯❯▶ Connected to DB !!"}
{"level":"info","message":"log❯❯▶ Connected to DB !!"}
{"level":"info","message":"log❯❯▶ Connected to DB !!"}
{"level":"info","message":"log❯❯▶ Connected to DB !!"}
{"level":"info","message":"log❯❯▶ Connected to DB !!"}
{"level":"info","message":"log❯❯▶ Connected to DB !!"}
{"level":"info","message":"log❯❯▶ Connected to DB !!"}
{"level":"info","message":"log❯❯▶ Connected to DB !!"}
{"level":"info","message":"log❯❯▶ Connected to DB !!"}
{"level":"info","message":"log❯❯▶ Connected to DB !!"}
{"level":"info","message":"log❯❯▶ Connected to DB !!"}
{"level":"info","message":"log❯❯▶ Connected to DB !!"}
{"level":"info","message":"log❯❯▶ Connected to DB !!"}
{"level":"info","message":"log❯❯▶ Connected to DB !!"}
{"level":"info","message":"log❯❯▶ Connected to DB !!"}
{"level":"info","message":"log❯❯▶ Connected to DB !!"}
{"level":"info","message":"log❯❯▶ Connected to DB !!"}
{"level":"info","message":"log❯❯▶ Connected to DB !!"}
{"level":"info","message":"log❯❯▶ Connected to DB !!"}
{"level":"info","message":"log❯❯▶ Connected to DB !!"}
{"level":"info","message":"log❯❯▶ Connected to DB !!"}
{"level":"info","message":"log❯❯▶ Connected to DB !!"}
{"level":"info","message":"log❯❯▶ Connected to DB !!"}
{"level":"info","message":"log❯❯▶ Connected to DB !!"}
{"level":"info","message":"log❯❯▶ Connected to DB !!"}
{"level":"info","message":"log❯❯▶ Connected to DB !!"}
{"level":"info","message":"log❯❯▶ Connected to DB !!"}
{"level":"info","message":"log❯❯▶ Connected to DB !!"}
{"level":"info","message":"log❯❯▶ Connected to DB !!"}
{"level":"info","message":"log❯❯▶ Connected to DB !!"}
{"level":"info","message":"log❯❯▶ Connected to DB !!"}
{"level":"info","message":"log❯❯▶ Connected to DB !!"}
{"level":"info","message":"log❯❯▶ Connected to DB !!"}
{"level":"info","message":"log❯❯▶ Connected to DB !!"}
{"level":"info","message":"log❯❯▶ Connected to DB !!"}
{"level":"info","message":"log❯❯▶ Connected to DB !!"}
{"level":"info","message":"log❯❯▶ Connected to DB !!"}
{"level":"info","message":"log❯❯▶ Connected to DB !!"}
{"level":"info","message":"log❯❯▶ Connected to DB !!"}
{"level":"info","message":"log❯❯▶ Connected to DB !!"}
{"level":"info","message":"log❯❯▶ Connected to DB !!"}
{"level":"info","message":"log❯❯▶ Connected to DB !!"}
{"level":"info","message":"log❯❯▶ Connected to DB !!"}
{"level":"info","message":"log❯❯▶ Connected to DB !!"}
{"level":"info","message":"log❯❯▶ Connected to DB !!"}
{"level":"info","message":"log❯❯▶ Connected to DB !!"}
{"level":"info","message":"log❯❯▶ Connected to DB !!"}
{"level":"info","message":"log❯❯▶ Connected to DB !!"}
{"level":"info","message":"log❯❯▶ Connected to DB !!"}
{"level":"info","message":"log❯❯▶ Connected to DB !!"}
{"level":"info","message":"Wed Apr 20 2022 15:30:54 GMT+0700 (เวลาอินโดจีน) POST /auth/login 403 28 - 6.021 ms\n","meta":{"serverLogs":"server-logs"}}
{"level":"info","message":"Wed Apr 20 2022 15:31:46 GMT+0700 (เวลาอินโดจีน) POST /auth/login 403 28 - 1.190 ms\n","meta":{"serverLogs":"server-logs"}}
{"level":"info","message":"log❯❯▶ Connected to DB !!"}
{"level":"error","message":"(..\\routes\\mid\\auth.js:48)❯❯▶"}
{"level":"info","message":"Wed Apr 20 2022 15:35:03 GMT+0700 (เวลาอินโดจีน) POST /auth/login 400 31 - 61.031 ms\n","meta":{"serverLogs":"server-logs"}}
{"level":"info","message":"log❯❯▶ Connected to DB !!"}
{"level":"info","message":"log❯❯▶ Connected to DB !!"}
{"level":"error","message":"(..\\routes\\auth.js:48)❯❯▶"}
{"level":"info","message":"Wed Apr 20 2022 15:36:19 GMT+0700 (เวลาอินโดจีน) POST /auth/login 400 31 - 79.338 ms\n","meta":{"serverLogs":"server-logs"}}
{"level":"info","message":"log❯❯▶ Connected to DB !!"}
{"level":"info","message":"Wed Apr 20 2022 15:37:01 GMT+0700 (เวลาอินโดจีน) POST /auth/login 400 40 - 17.639 ms\n","meta":{"serverLogs":"server-logs"}}
{"level":"info","message":"log❯❯▶ Connected to DB !!"}
{"level":"info","message":"log❯❯▶ Connected to DB !!"}
{"level":"info","message":"log❯❯▶ Connected to DB !!"}
{"level":"info","message":"log❯❯▶ Connected to DB !!"}
{"level":"info","message":"log❯❯▶ Connected to DB !!"}
{"level":"info","message":"log❯❯▶ Connected to DB !!"}
{"level":"info","message":"log❯❯▶ Connected to DB !!"}
{"level":"info","message":"log❯❯▶ Connected to DB !!"}
{"level":"info","message":"log❯❯▶ Connected to DB !!"}
{"level":"info","message":"Wed Apr 20 2022 15:39:06 GMT+0700 (เวลาอินโดจีน) POST /auth/login 403 28 - 4.896 ms\n","meta":{"serverLogs":"server-logs"}}
{"level":"info","message":"Wed Apr 20 2022 15:39:14 GMT+0700 (เวลาอินโดจีน) POST /auth/login 403 28 - 0.913 ms\n","meta":{"serverLogs":"server-logs"}}
{"level":"info","message":"log❯❯▶ Connected to DB !!"}
{"level":"info","message":"log❯❯▶ Connected to DB !!"}
{"level":"info","message":"Wed Apr 20 2022 15:41:44 GMT+0700 (เวลาอินโดจีน) POST /auth/login 400 40 - 20.990 ms\n","meta":{"serverLogs":"server-logs"}}
{"level":"info","message":"log❯❯▶ Connected to DB !!"}
{"level":"info","message":"log❯❯▶ Connected to DB !!"}
{"level":"info","message":"log❯❯▶ Connected to DB !!"}
{"level":"info","message":"log❯❯▶ Connected to DB !!"}
{"level":"info","message":"log❯❯▶ Connected to DB !!"}
{"level":"info","message":"Wed Apr 20 2022 15:42:39 GMT+0700 (เวลาอินโดจีน) POST /auth/login - - - - ms\n","meta":{"serverLogs":"server-logs"}}
{"level":"info","message":"Wed Apr 20 2022 15:43:01 GMT+0700 (เวลาอินโดจีน) POST /auth/login 400 40 - 77.249 ms\n","meta":{"serverLogs":"server-logs"}}
{"level":"info","message":"log❯❯▶ Connected to DB !!"}
{"level":"info","message":"log❯❯▶ Connected to DB !!"}
{"level":"info","message":"log❯❯▶ Connected to DB !!"}
{"level":"info","message":"log❯❯▶ Connected to DB !!"}
{"level":"info","message":"log❯❯▶ Connected to DB !!"}
{"level":"info","message":"log❯❯▶ Connected to DB !!"}
{"level":"info","message":"log❯❯▶ Connected to DB !!"}
{"level":"info","message":"log❯❯▶ Connected to DB !!"}
{"level":"info","message":"log❯❯▶ Connected to DB !!"}
{"level":"info","message":"Wed Apr 20 2022 15:44:18 GMT+0700 (เวลาอินโดจีน) POST /auth/login 201 117 - 122.347 ms\n","meta":{"serverLogs":"server-logs"}}
{"level":"info","message":"log❯❯▶ Connected to DB !!"}
{"level":"info","message":"log❯❯▶ Connected to DB !!"}
{"level":"info","message":"log❯❯▶ Connected to DB !!"}
{"level":"info","message":"log❯❯▶ Connected to DB !!"}
{"level":"info","message":"log❯❯▶ Connected to DB !!"}
{"level":"info","message":"log❯❯▶ Connected to DB !!"}
{"level":"info","message":"log❯❯▶ Connected to DB !!"}
{"level":"info","message":"log❯❯▶ Connected to DB !!"}
{"level":"info","message":"log❯❯▶ Connected to DB !!"}
{"level":"info","message":"log❯❯▶ Connected to DB !!"}
{"level":"info","message":"log❯❯▶ Connected to DB !!"}
{"level":"info","message":"log❯❯▶ Connected to DB !!"}
{"level":"info","message":"log❯❯▶ Connected to DB !!"}
{"level":"info","message":"log❯❯▶ Connected to DB !!"}
{"level":"info","message":"log❯❯▶ Connected to DB !!"}
{"level":"info","message":"log❯❯▶ Connected to DB !!"}
{"level":"info","message":"log❯❯▶ Connected to DB !!"}
{"level":"info","message":"log❯❯▶ Connected to DB !!"}
{"level":"info","message":"log❯❯▶ Connected to DB !!"}
{"level":"info","message":"Wed Apr 20 2022 15:49:31 GMT+0700 (เวลาอินโดจีน) GET /villager/getOne 404 876 - 15.954 ms\n","meta":{"serverLogs":"server-logs"}}
{"level":"info","message":"Wed Apr 20 2022 15:49:59 GMT+0700 (เวลาอินโดจีน) GET /villager/getOne/625fbe412300dc001d59b11f 500 454 - 7.888 ms\n","meta":{"serverLogs":"server-logs"}}
{"level":"info","message":"log❯❯▶ Connected to DB !!"}
{"level":"info","message":"log❯❯▶ Connected to DB !!"}
{"level":"info","message":"log❯❯▶ Connected to DB !!"}
{"level":"info","message":"log❯❯▶ Connected to DB !!"}
{"level":"info","message":"log❯❯▶ Connected to DB !!"}
{"level":"info","message":"log❯❯▶ Connected to DB !!"}
{"level":"error","message":"(..\\routes\\mid\\authMid.js:14)❯❯▶"}
{"level":"info","message":"Wed Apr 20 2022 15:50:38 GMT+0700 (เวลาอินโดจีน) GET /villager/getOne/625fbe412300dc001d59b11f 400 43 - 92.364 ms\n","meta":{"serverLogs":"server-logs"}}
{"level":"info","message":"log❯❯▶ Connected to DB !!"}
{"level":"info","message":"Wed Apr 20 2022 15:50:51 GMT+0700 (เวลาอินโดจีน) GET /villager/getOne/625fbe412300dc001d59b11f 200 451 - 64.882 ms\n","meta":{"serverLogs":"server-logs"}}
{"level":"info","message":"log❯❯▶ Connected to DB !!"}
{"level":"info","message":"log❯❯▶ Connected to DB !!"}
{"level":"info","message":"log❯❯▶ Connected to DB !!"}
{"level":"info","message":"log❯❯▶ Connected to DB !!"}
{"level":"info","message":"log❯❯▶ Connected to DB !!"}
{"level":"info","message":"log❯❯▶ Connected to DB !!"}
{"level":"info","message":"log❯❯▶ Connected to DB !!"}
{"level":"info","message":"log❯❯▶ Connected to DB !!"}
{"level":"info","message":"log❯❯▶ Connected to DB !!"}
{"level":"info","message":"log❯❯▶ Connected to DB !!"}
{"level":"info","message":"log❯❯▶ Connected to DB !!"}
{"level":"error","message":"(..\\routes\\controller\\villagerFunc.js:36)❯❯▶"}
{"level":"info","message":"Wed Apr 20 2022 15:57:44 GMT+0700 (เวลาอินโดจีน) GET /villager/getOne/625fbe412300dc001d59b11f 400 35 - 166.499 ms\n","meta":{"serverLogs":"server-logs"}}
{"level":"info","message":"log❯❯▶ Connected to DB !!"}
{"level":"info","message":"log❯❯▶ Connected to DB !!"}
{"level":"info","message":"log❯❯▶ Connected to DB !!"}
{"level":"error","message":"(..\\routes\\controller\\villagerFunc.js:37)❯❯▶"}
{"level":"info","message":"Wed Apr 20 2022 15:58:17 GMT+0700 (เวลาอินโดจีน) GET /villager/getOne/625fbe412300dc001d59b11f 400 50 - 115.251 ms\n","meta":{"serverLogs":"server-logs"}}
{"level":"info","message":"log❯❯▶ Connected to DB !!"}
{"level":"info","message":"log❯❯▶ Connected to DB !!"}
{"level":"info","message":"log❯❯▶ Connected to DB !!"}
{"level":"info","message":"log❯❯▶ Connected to DB !!"}
{"level":"info","message":"log❯❯▶ Connected to DB !!"}
{"level":"info","message":"log❯❯▶ Connected to DB !!"}
{"level":"info","message":"log❯❯▶ Connected to DB !!"}
{"level":"info","message":"log❯❯▶ Connected to DB !!"}
{"level":"info","message":"log❯❯▶ Connected to DB !!"}
{"level":"info","message":"log❯❯▶ Connected to DB !!"}
{"level":"info","message":"log❯❯▶ Connected to DB !!"}
{"level":"info","message":"Wed Apr 20 2022 16:02:14 GMT+0700 (เวลาอินโดจีน) GET /villager/getOne/625fbe412300dc001d59b11f 200 451 - 43.130 ms\n","meta":{"serverLogs":"server-logs"}}
{"level":"info","message":"log❯❯▶ Connected to DB !!"}
{"level":"info","message":"log❯❯▶ Connected to DB !!"}
{"level":"info","message":"log❯❯▶ Connected to DB !!"}
{"level":"info","message":"log❯❯▶ Connected to DB !!"}
{"level":"info","message":"log❯❯▶ Connected to DB !!"}
{"level":"info","message":"log❯❯▶ Connected to DB !!"}
{"level":"info","message":"log❯❯▶ Connected to DB !!"}
{"level":"info","message":"log❯❯▶ Connected to DB !!"}
{"level":"info","message":"log❯❯▶ Connected to DB !!"}
{"level":"info","message":"log❯❯▶ Connected to DB !!"}
{"level":"info","message":"log❯❯▶ Connected to DB !!"}
{"level":"info","message":"log❯❯▶ Connected to DB !!"}
{"level":"info","message":"log❯❯▶ Connected to DB !!"}
{"level":"info","message":"log❯❯▶ Connected to DB !!"}
{"level":"info","message":"log❯❯▶ Connected to DB !!"}
{"level":"info","message":"log❯❯▶ Connected to DB !!"}
{"level":"info","message":"log❯❯▶ Connected to DB !!"}
{"level":"info","message":"Wed Apr 20 2022 16:04:34 GMT+0700 (เวลาอินโดจีน) GET /villager/getOne/625fbe412300dc001d59b11f 200 451 - 28.696 ms\n","meta":{"serverLogs":"server-logs"}}
{"level":"info","message":"log❯❯▶ Connected to DB !!"}
{"level":"info","message":"log❯❯▶ Connected to DB !!"}
{"level":"info","message":"log❯❯▶ Connected to DB !!"}
{"level":"info","message":"log❯❯▶ Connected to DB !!"}
{"level":"info","message":"log❯❯▶ Connected to DB !!"}
{"level":"info","message":"log❯❯▶ Connected to DB !!"}
{"level":"info","message":"log❯❯▶ Connected to DB !!"}
{"level":"info","message":"log❯❯▶ Connected to DB !!"}
{"level":"info","message":"log❯❯▶ Connected to DB !!"}
{"level":"info","message":"log❯❯▶ Connected to DB !!"}
{"level":"info","message":"log❯❯▶ Connected to DB !!"}
{"level":"info","message":"log❯❯▶ Connected to DB !!"}
{"level":"info","message":"log❯❯▶ Connected to DB !!"}
{"level":"info","message":"log❯❯▶ Connected to DB !!"}
{"level":"info","message":"log❯❯▶ Connected to DB !!"}
{"level":"info","message":"log❯❯▶ Connected to DB !!"}
{"level":"info","message":"log❯❯▶ Connected to DB !!"}
{"level":"info","message":"Wed Apr 20 2022 16:08:31 GMT+0700 (เวลาอินโดจีน) GET /auth/myProflie/625fbe412300dc001d59b11f 404 876 - 17.628 ms\n","meta":{"serverLogs":"server-logs"}}
{"level":"info","message":"log❯❯▶ Connected to DB !!"}
{"level":"info","message":"log❯❯▶ Connected to DB !!"}
{"level":"info","message":"Wed Apr 20 2022 16:09:04 GMT+0700 (เวลาอินโดจีน) GET /auth/myProflie/625fbe412300dc001d59b11f 404 876 - 15.213 ms\n","meta":{"serverLogs":"server-logs"}}
{"level":"info","message":"Wed Apr 20 2022 16:09:58 GMT+0700 (เวลาอินโดจีน) GET /auth/myProfile/625fbe412300dc001d59b11f 200 451 - 27.771 ms\n","meta":{"serverLogs":"server-logs"}}
{"level":"info","message":"log❯❯▶ Connected to DB !!"}
{"level":"info","message":"log❯❯▶ Connected to DB !!"}
{"level":"info","message":"log❯❯▶ Connected to DB !!"}
{"level":"info","message":"log❯❯▶ Connected to DB !!"}
{"level":"info","message":"log❯❯▶ Connected to DB !!"}
{"level":"info","message":"log❯❯▶ Connected to DB !!"}
{"level":"info","message":"Wed Apr 20 2022 16:13:12 GMT+0700 (เวลาอินโดจีน) GET /auth/myProfile/625fbe412300dc001d59b11f 200 451 - 21.947 ms\n","meta":{"serverLogs":"server-logs"}}
{"level":"info","message":"Wed Apr 20 2022 16:14:06 GMT+0700 (เวลาอินโดจีน) POST /auth/login 201 117 - 108.343 ms\n","meta":{"serverLogs":"server-logs"}}
{"level":"info","message":"Wed Apr 20 2022 16:14:11 GMT+0700 (เวลาอินโดจีน) POST /auth/login 400 40 - 75.714 ms\n","meta":{"serverLogs":"server-logs"}}
{"level":"info","message":"log❯❯▶ Connected to DB !!"}
{"level":"info","message":"log❯❯▶ Connected to DB !!"}
{"level":"info","message":"Wed Apr 20 2022 16:14:37 GMT+0700 (เวลาอินโดจีน) POST /auth/login 400 31 - 109.160 ms\n","meta":{"serverLogs":"server-logs"}}
{"level":"info","message":"Wed Apr 20 2022 16:14:44 GMT+0700 (เวลาอินโดจีน) POST /auth/login 400 28 - 2.927 ms\n","meta":{"serverLogs":"server-logs"}}
{"level":"info","message":"Wed Apr 20 2022 16:14:56 GMT+0700 (เวลาอินโดจีน) POST /auth/login 201 117 - 87.840 ms\n","meta":{"serverLogs":"server-logs"}}
{"level":"info","message":"Wed Apr 20 2022 16:16:33 GMT+0700 (เวลาอินโดจีน) GET /villager/getAll 304 - - 6.751 ms\n","meta":{"serverLogs":"server-logs"}}
{"level":"info","message":"Wed Apr 20 2022 16:16:47 GMT+0700 (เวลาอินโดจีน) GET /villager/getOne/625fbe412300dc001d59b11f 200 451 - 6.468 ms\n","meta":{"serverLogs":"server-logs"}}
{"level":"info","message":"log❯❯▶ Connected to DB !!"}
{"level":"info","message":"log❯❯▶ Connected to DB !!"}
{"level":"info","message":"log❯❯▶ Connected to DB !!"}
{"level":"info","message":"log❯❯▶ Connected to DB !!"}
{"level":"info","message":"log❯❯▶ Connected to DB !!"}
{"level":"info","message":"log❯❯▶ Connected to DB !!"}
{"level":"info","message":"log❯❯▶ Connected to DB !!"}
{"level":"info","message":"log❯❯▶ Connected to DB !!"}
{"level":"info","message":"log❯❯▶ Connected to DB !!"}
{"level":"info","message":"log❯❯▶ Connected to DB !!"}
{"level":"info","message":"log❯❯▶ Connected to DB !!"}
{"level":"info","message":"log❯❯▶ Connected to DB !!"}
{"level":"info","message":"log❯❯▶ Connected to DB !!"}
{"level":"info","message":"log❯❯▶ Connected to DB !!"}
{"level":"info","message":"log❯❯▶ Connected to DB !!"}
{"level":"info","message":"log❯❯▶ Connected to DB !!"}
{"level":"info","message":"log❯❯▶ Connected to DB !!"}
{"level":"info","message":"log❯❯▶ Connected to DB !!"}
{"level":"info","message":"log❯❯▶ Connected to DB !!"}
{"level":"info","message":"log❯❯▶ Connected to DB !!"}
{"level":"info","message":"log❯❯▶ Connected to DB !!"}
{"level":"info","message":"log❯❯▶ Connected to DB !!"}
{"level":"info","message":"log❯❯▶ Connected to DB !!"}
{"level":"info","message":"log❯❯▶ Connected to DB !!"}
{"level":"info","message":"log❯❯▶ Connected to DB !!"}
{"level":"info","message":"log❯❯▶ Connected to DB !!"}
{"level":"info","message":"log❯❯▶ Connected to DB !!"}
{"level":"info","message":"log❯❯▶ Connected to DB !!"}
{"level":"info","message":"log❯❯▶ Connected to DB !!"}
{"level":"info","message":"log❯❯▶ Connected to DB !!"}
{"level":"info","message":"log❯❯▶ Connected to DB !!"}
{"level":"info","message":"log❯❯▶ Connected to DB !!"}
{"level":"info","message":"log❯❯▶ Connected to DB !!"}
{"level":"info","message":"log❯❯▶ Connected to DB !!"}
{"level":"info","message":"log❯❯▶ Connected to DB !!"}
{"level":"info","message":"log❯❯▶ Connected to DB !!"}
{"level":"info","message":"log❯❯▶ Connected to DB !!"}
{"level":"info","message":"log❯❯▶ Connected to DB !!"}
{"level":"info","message":"log❯❯▶ Connected to DB !!"}
{"level":"info","message":"log❯❯▶ Connected to DB !!"}
{"level":"info","message":"log❯❯▶ Connected to DB !!"}
{"level":"info","message":"log❯❯▶ Connected to DB !!"}
{"level":"info","message":"log❯❯▶ Connected to DB !!"}
{"level":"info","message":"log❯❯▶ Connected to DB !!"}
{"level":"info","message":"log❯❯▶ Connected to DB !!"}
{"level":"info","message":"log❯❯▶ Connected to DB !!"}
{"level":"info","message":"log❯❯▶ Connected to DB !!"}
{"level":"info","message":"log❯❯▶ Connected to DB !!"}
{"level":"info","message":"log❯❯▶ Connected to DB !!"}
{"level":"info","message":"log❯❯▶ Connected to DB !!"}
{"level":"info","message":"log❯❯▶ Connected to DB !!"}
{"level":"info","message":"log❯❯▶ Connected to DB !!"}
{"level":"info","message":"log❯❯▶ Connected to DB !!"}
{"level":"info","message":"log❯❯▶ Connected to DB !!"}
{"level":"info","message":"log❯❯▶ Connected to DB !!"}
{"level":"info","message":"log❯❯▶ Connected to DB !!"}
{"level":"info","message":"log❯❯▶ Connected to DB !!"}
{"level":"info","message":"log❯❯▶ Connected to DB !!"}
{"level":"info","message":"log❯❯▶ Connected to DB !!"}
{"level":"info","message":"log❯❯▶ Connected to DB !!"}
{"level":"info","message":"log❯❯▶ Connected to DB !!"}
{"level":"info","message":"log❯❯▶ Connected to DB !!"}
{"level":"error","message":"(..\\routes\\controller\\auth.js:44)❯❯▶"}
{"level":"info","message":"Wed Apr 20 2022 16:35:29 GMT+0700 (เวลาอินโดจีน) POST /auth/signUp 400 50 - 122.117 ms\n","meta":{"serverLogs":"server-logs"}}
{"level":"error","message":"(..\\routes\\controller\\auth.js:44)❯❯▶"}
{"level":"info","message":"Wed Apr 20 2022 16:37:59 GMT+0700 (เวลาอินโดจีน) POST /auth/signUp 400 50 - 52.670 ms\n","meta":{"serverLogs":"server-logs"}}
{"level":"info","message":"log❯❯▶ Connected to DB !!"}
{"level":"info","message":"log❯❯▶ Connected to DB !!"}
{"level":"info","message":"log❯❯▶ Connected to DB !!"}
{"level":"info","message":"Wed Apr 20 2022 16:39:06 GMT+0700 (เวลาอินโดจีน) POST /auth/signUp 403 38 - 57.119 ms\n","meta":{"serverLogs":"server-logs"}}
{"level":"info","message":"log❯❯▶ Connected to DB !!"}
{"level":"info","message":"log❯❯▶ Connected to DB !!"}
{"level":"info","message":"log❯❯▶ Connected to DB !!"}
{"level":"info","message":"log❯❯▶ Connected to DB !!"}
{"level":"info","message":"log❯❯▶ Connected to DB !!"}
{"level":"info","message":"log❯❯▶ Connected to DB !!"}
{"level":"info","message":"log❯❯▶ Connected to DB !!"}
{"level":"info","message":"log❯❯▶ Connected to DB !!"}
{"level":"info","message":"log❯❯▶ Connected to DB !!"}
{"level":"info","message":"log❯❯▶ Connected to DB !!"}
{"level":"info","message":"log❯❯▶ Connected to DB !!"}
{"level":"info","message":"log❯❯▶ Connected to DB !!"}
{"level":"info","message":"log❯❯▶ Connected to DB !!"}
{"level":"info","message":"log❯❯▶ Connected to DB !!"}
{"level":"info","message":"log❯❯▶ Connected to DB !!"}
{"level":"info","message":"log❯❯▶ Connected to DB !!"}
{"level":"info","message":"log❯❯▶ Connected to DB !!"}
{"level":"info","message":"log❯❯▶ Connected to DB !!"}
{"level":"info","message":"log❯❯▶ Connected to DB !!"}
{"level":"info","message":"log❯❯▶ Connected to DB !!"}
{"level":"info","message":"log❯❯▶ Connected to DB !!"}
{"level":"info","message":"log❯❯▶ Connected to DB !!"}
{"level":"info","message":"log❯❯▶ Connected to DB !!"}
{"level":"info","message":"log❯❯▶ Connected to DB !!"}
{"level":"info","message":"Wed Apr 20 2022 16:53:40 GMT+0700 (เวลาอินโดจีน) GET /auth/myProfile/625fbe412300dc001d59b11f 200 451 - 24.126 ms\n","meta":{"serverLogs":"server-logs"}}
{"level":"info","message":"Wed Apr 20 2022 16:53:43 GMT+0700 (เวลาอินโดจีน) POST /auth/villagerSignUp 200 55 - 181.885 ms\n","meta":{"serverLogs":"server-logs"}}
{"level":"info","message":"Wed Apr 20 2022 16:55:18 GMT+0700 (เวลาอินโดจีน) GET /auth/login 404 876 - 12.369 ms\n","meta":{"serverLogs":"server-logs"}}
{"level":"info","message":"Wed Apr 20 2022 16:55:34 GMT+0700 (เวลาอินโดจีน) GET /auth/login 404 876 - 1.611 ms\n","meta":{"serverLogs":"server-logs"}}
{"level":"info","message":"Wed Apr 20 2022 16:56:33 GMT+0700 (เวลาอินโดจีน) POST /auth/login 201 117 - 93.350 ms\n","meta":{"serverLogs":"server-logs"}}
{"level":"info","message":"Wed Apr 20 2022 16:57:07 GMT+0700 (เวลาอินโดจีน) GET /villager/getAll 200 1068 - 5.219 ms\n","meta":{"serverLogs":"server-logs"}}
{"level":"info","message":"Wed Apr 20 2022 16:57:26 GMT+0700 (เวลาอินโดจีน) DELETE /villager/delete/625fbe412300dc001d59b11f 200 25 - 5.446 ms\n","meta":{"serverLogs":"server-logs"}}
{"level":"error","message":"log❯❯▶ 625fbe412300dc001d59b11f not found."}
{"level":"info","message":"Wed Apr 20 2022 16:57:35 GMT+0700 (เวลาอินโดจีน) GET /auth/myProfile/625fbe412300dc001d59b11f 404 49 - 60.262 ms\n","meta":{"serverLogs":"server-logs"}}
{"0":{"location":"body","msg":"Invalid value","param":"email","value":"adsadawutbomz.23@gmail"},"level":"error","message":"(..\\routes\\controller\\auth.js:12)❯❯▶"}
{"level":"info","message":"Wed Apr 20 2022 16:58:16 GMT+0700 (เวลาอินโดจีน) POST /auth/villagerSignUp 400 102 - 62.736 ms\n","meta":{"serverLogs":"server-logs"}}
{"level":"info","message":"Wed Apr 20 2022 16:58:42 GMT+0700 (เวลาอินโดจีน) POST /auth/villagerSignUp 403 38 - 8.111 ms\n","meta":{"serverLogs":"server-logs"}}
{"level":"info","message":"log❯❯▶ Connected to DB !!"}
{"level":"info","message":"log❯❯▶ Connected to DB !!"}
{"level":"info","message":"log❯❯▶ Connected to DB !!"}
{"level":"info","message":"log❯❯▶ Connected to DB !!"}
{"level":"info","message":"log❯❯▶ Connected to DB !!"}
{"level":"info","message":"log❯❯▶ Connected to DB !!"}
{"level":"info","message":"log❯❯▶ Connected to DB !!"}
{"level":"info","message":"log❯❯▶ Connected to DB !!"}
{"level":"info","message":"log❯❯▶ Connected to DB !!"}
{"level":"info","message":"log❯❯▶ Connected to DB !!"}
{"level":"info","message":"log❯❯▶ Connected to DB !!"}
{"level":"info","message":"log❯❯▶ Connected to DB !!"}
{"level":"info","message":"log❯❯▶ Connected to DB !!"}
{"level":"info","message":"log❯❯▶ Connected to DB !!"}
{"level":"info","message":"log❯❯▶ Connected to DB !!"}
{"level":"info","message":"log❯❯▶ Connected to DB !!"}
{"level":"info","message":"log❯❯▶ Connected to DB !!"}
{"level":"info","message":"log❯❯▶ Connected to DB !!"}
{"level":"info","message":"log❯❯▶ Connected to DB !!"}
{"level":"info","message":"log❯❯▶ Connected to DB !!"}
{"level":"info","message":"log❯❯▶ Connected to DB !!"}
{"level":"info","message":"log❯❯▶ Connected to DB !!"}
{"0":{"location":"body","msg":"Invalid value","param":"firstName"},"1":{"location":"body","msg":"Invalid value","param":"firstName"},"10":{"location":"body","msg":"Invalid value","param":"phoneNum"},"11":{"location":"body","msg":"Invalid value","param":"phoneNum"},"12":{"location":"body","msg":"Invalid value","param":"phoneNum"},"2":{"location":"body","msg":"Invalid value","param":"lastName"},"3":{"location":"body","msg":"Invalid value","param":"lastName"},"4":{"location":"body","msg":"Invalid value","param":"agentPin"},"5":{"location":"body","msg":"Invalid value","param":"agentPin"},"6":{"location":"body","msg":"Invalid value","param":"email"},"7":{"location":"body","msg":"Invalid value","param":"email"},"8":{"location":"body","msg":"Invalid value","param":"jobTitle"},"9":{"location":"body","msg":"Invalid value","param":"jobTitle"},"level":"error","message":"(..\\routes\\controller\\auth.js:42)❯❯▶"}
{"level":"info","message":"Wed Apr 20 2022 17:03:54 GMT+0700 (เวลาอินโดจีน) POST /auth/agentSignUp 400 800 - 97.256 ms\n","meta":{"serverLogs":"server-logs"}}
{"level":"error","message":"log❯❯▶ Agents collection is empty."}
{"level":"info","message":"Wed Apr 20 2022 17:04:56 GMT+0700 (เวลาอินโดจีน) GET /agent/getAll 404 41 - 26.346 ms\n","meta":{"serverLogs":"server-logs"}}
{"level":"error","message":"(..\\routes\\controller\\auth.js:56)❯❯▶"}
{"level":"info","message":"Wed Apr 20 2022 17:06:54 GMT+0700 (เวลาอินโดจีน) POST /auth/agentSignUp 400 50 - 63.014 ms\n","meta":{"serverLogs":"server-logs"}}
{"level":"info","message":"Wed Apr 20 2022 17:10:50 GMT+0700 (เวลาอินโดจีน) POST /auth/agentSignUp 200 52 - 99.179 ms\n","meta":{"serverLogs":"server-logs"}}
{"level":"info","message":"log❯❯▶ Connected to DB !!"}
{"level":"info","message":"log❯❯▶ Connected to DB !!"}
{"level":"info","message":"log❯❯▶ Connected to DB !!"}
{"level":"info","message":"log❯❯▶ Connected to DB !!"}
{"level":"info","message":"log❯❯▶ Connected to DB !!"}
{"level":"info","message":"log❯❯▶ Connected to DB !!"}
{"level":"info","message":"log❯❯▶ Connected to DB !!"}
{"level":"info","message":"log❯❯▶ Connected to DB !!"}
{"level":"info","message":"Wed Apr 20 2022 17:12:06 GMT+0700 (เวลาอินโดจีน) POST /auth/agentSignUp 403 38 - 36.308 ms\n","meta":{"serverLogs":"server-logs"}}
{"level":"info","message":"Wed Apr 20 2022 17:12:40 GMT+0700 (เวลาอินโดจีน) GET /agent/getAll 200 266 - 7.652 ms\n","meta":{"serverLogs":"server-logs"}}
{"level":"info","message":"log❯❯▶ Connected to DB !!"}
{"level":"info","message":"log❯❯▶ Connected to DB !!"}
{"level":"info","message":"log❯❯▶ Connected to DB !!"}
{"level":"info","message":"log❯❯▶ Connected to DB !!"}
{"level":"info","message":"log❯❯▶ Connected to DB !!"}
{"level":"info","message":"log❯❯▶ Connected to DB !!"}
{"level":"info","message":"log❯❯▶ Connected to DB !!"}
{"level":"info","message":"log❯❯▶ Connected to DB !!"}
{"level":"info","message":"log❯❯▶ Connected to DB !!"}
{"level":"info","message":"log❯❯▶ Connected to DB !!"}
{"level":"info","message":"log❯❯▶ Connected to DB !!"}
{"level":"info","message":"log❯❯▶ Connected to DB !!"}
{"level":"info","message":"log❯❯▶ Connected to DB !!"}
{"level":"info","message":"log❯❯▶ Connected to DB !!"}
{"level":"info","message":"log❯❯▶ Connected to DB !!"}
{"level":"info","message":"log❯❯▶ Connected to DB !!"}
{"level":"error","message":"(..\\routes\\controller\\auth.js:81)❯❯▶"}
{"level":"info","message":"Wed Apr 20 2022 17:18:50 GMT+0700 (เวลาอินโดจีน) POST /auth/login 400 33 - 87.955 ms\n","meta":{"serverLogs":"server-logs"}}
{"level":"info","message":"log❯❯▶ Connected to DB !!"}
{"level":"info","message":"log❯❯▶ Connected to DB !!"}
{"level":"info","message":"log❯❯▶ Connected to DB !!"}
{"level":"info","message":"log❯❯▶ Connected to DB !!"}
{"level":"info","message":"log❯❯▶ Connected to DB !!"}
{"level":"info","message":"log❯❯▶ Connected to DB !!"}
{"level":"info","message":"log❯❯▶ Connected to DB !!"}
{"level":"info","message":"log❯❯▶ Connected to DB !!"}
{"level":"info","message":"log❯❯▶ Connected to DB !!"}
{"level":"error","message":"(..\\routes\\controller\\auth.js:81)❯❯▶"}
{"level":"info","message":"Wed Apr 20 2022 17:20:45 GMT+0700 (เวลาอินโดจีน) POST /auth/login 400 41 - 94.959 ms\n","meta":{"serverLogs":"server-logs"}}
{"level":"info","message":"log❯❯▶ Connected to DB !!"}
{"level":"error","message":"(..\\routes\\controller\\auth.js:81)❯❯▶"}
{"level":"info","message":"Wed Apr 20 2022 17:20:56 GMT+0700 (เวลาอินโดจีน) POST /auth/login 400 46 - 72.540 ms\n","meta":{"serverLogs":"server-logs"}}
{"level":"info","message":"log❯❯▶ Connected to DB !!"}
{"level":"info","message":"Wed Apr 20 2022 17:21:06 GMT+0700 (เวลาอินโดจีน) POST /auth/login 201 117 - 138.163 ms\n","meta":{"serverLogs":"server-logs"}}
{"level":"info","message":"Wed Apr 20 2022 17:21:15 GMT+0700 (เวลาอินโดจีน) POST /auth/login 400 31 - 90.664 ms\n","meta":{"serverLogs":"server-logs"}}
{"level":"error","message":"(..\\routes\\controller\\auth.js:81)❯❯▶"}
{"level":"info","message":"Wed Apr 20 2022 17:21:21 GMT+0700 (เวลาอินโดจีน) POST /auth/login 400 65 - 81.050 ms\n","meta":{"serverLogs":"server-logs"}}
{"level":"info","message":"log❯❯▶ Connected to DB !!"}
{"level":"info","message":"log❯❯▶ Connected to DB !!"}
{"level":"info","message":"log❯❯▶ Connected to DB !!"}
{"level":"info","message":"Wed Apr 20 2022 17:22:11 GMT+0700 (เวลาอินโดจีน) POST /auth/login 201 117 - 100.534 ms\n","meta":{"serverLogs":"server-logs"}}
{"level":"info","message":"Wed Apr 20 2022 17:22:17 GMT+0700 (เวลาอินโดจีน) POST /auth/login 400 28 - 8.486 ms\n","meta":{"serverLogs":"server-logs"}}
{"level":"info","message":"log❯❯▶ Connected to DB !!"}
{"level":"info","message":"log❯❯▶ Connected to DB !!"}
{"level":"info","message":"log❯❯▶ Connected to DB !!"}
{"level":"info","message":"log❯❯▶ Connected to DB !!"}
{"level":"info","message":"log❯❯▶ Connected to DB !!"}
{"level":"info","message":"log❯❯▶ Connected to DB !!"}
{"level":"info","message":"log❯❯▶ Connected to DB !!"}
{"level":"info","message":"log❯❯▶ Connected to DB !!"}
{"level":"info","message":"log❯❯▶ Connected to DB !!"}
{"level":"info","message":"log❯❯▶ Connected to DB !!"}
{"level":"info","message":"log❯❯▶ Connected to DB !!"}
{"level":"info","message":"Wed Apr 20 2022 17:24:47 GMT+0700 (เวลาอินโดจีน) POST /auth/login 400 28 - 24.038 ms\n","meta":{"serverLogs":"server-logs"}}
{"level":"info","message":"Wed Apr 20 2022 17:24:55 GMT+0700 (เวลาอินโดจีน) POST /auth/login 400 28 - 7.526 ms\n","meta":{"serverLogs":"server-logs"}}
{"level":"info","message":"log❯❯▶ Connected to DB !!"}
{"level":"info","message":"log❯❯▶ Connected to DB !!"}
{"level":"info","message":"Wed Apr 20 2022 17:25:24 GMT+0700 (เวลาอินโดจีน) POST /auth/login 201 117 - 110.725 ms\n","meta":{"serverLogs":"server-logs"}}
{"0":{"location":"body","msg":"Invalid value","param":"email","value":"aunthasakDaeng.23@gmail"},"level":"error","message":"(..\\routes\\controller\\auth.js:65)❯❯▶"}
{"level":"info","message":"Wed Apr 20 2022 17:25:29 GMT+0700 (เวลาอินโดจีน) POST /auth/login 400 103 - 78.197 ms\n","meta":{"serverLogs":"server-logs"}}
{"level":"info","message":"log❯❯▶ Connected to DB !!"}
{"level":"info","message":"log❯❯▶ Connected to DB !!"}
{"level":"info","message":"log❯❯▶ Connected to DB !!"}
{"level":"info","message":"log❯❯▶ Connected to DB !!"}
{"level":"info","message":"log❯❯▶ Connected to DB !!"}
{"level":"info","message":"log❯❯▶ Connected to DB !!"}
{"level":"info","message":"log❯❯▶ Connected to DB !!"}
{"level":"info","message":"log❯❯▶ Connected to DB !!"}
{"level":"info","message":"log❯❯▶ Connected to DB !!"}
{"level":"info","message":"log❯❯▶ Connected to DB !!"}
{"level":"info","message":"log❯❯▶ Connected to DB !!"}
{"level":"info","message":"log❯❯▶ Connected to DB !!"}
{"level":"info","message":"log❯❯▶ Connected to DB !!"}
{"level":"info","message":"log❯❯▶ Connected to DB !!"}
{"level":"info","message":"log❯❯▶ Connected to DB !!"}
{"level":"info","message":"log❯❯▶ Connected to DB !!"}
{"level":"info","message":"log❯❯▶ Connected to DB !!"}
{"level":"info","message":"log❯❯▶ Connected to DB !!"}
{"level":"info","message":"log❯❯▶ Connected to DB !!"}
{"level":"info","message":"log❯❯▶ Connected to DB !!"}
{"level":"info","message":"log❯❯▶ Connected to DB !!"}
{"level":"info","message":"log❯❯▶ Connected to DB !!"}
{"level":"info","message":"log❯❯▶ Connected to DB !!"}
{"level":"info","message":"log❯❯▶ Connected to DB !!"}
{"level":"info","message":"log❯❯▶ Connected to DB !!"}
{"level":"info","message":"log❯❯▶ Connected to DB !!"}
{"level":"info","message":"log❯❯▶ Connected to DB !!"}
{"level":"info","message":"log❯❯▶ Connected to DB !!"}
{"level":"info","message":"log❯❯▶ Connected to DB !!"}
{"level":"info","message":"log❯❯▶ Connected to DB !!"}
{"level":"info","message":"log❯❯▶ Connected to DB !!"}
{"level":"info","message":"log❯❯▶ Connected to DB !!"}
{"level":"info","message":"log❯❯▶ Connected to DB !!"}
{"level":"info","message":"log❯❯▶ Connected to DB !!"}
{"level":"info","message":"log❯❯▶ Connected to DB !!"}
{"level":"info","message":"log❯❯▶ Connected to DB !!"}
{"level":"info","message":"log❯❯▶ Connected to DB !!"}
{"level":"info","message":"log❯❯▶ Connected to DB !!"}
{"level":"info","message":"log❯❯▶ Connected to DB !!"}
{"level":"info","message":"log❯❯▶ Connected to DB !!"}
{"level":"info","message":"log❯❯▶ Connected to DB !!"}
{"level":"info","message":"log❯❯▶ Connected to DB !!"}
{"level":"info","message":"log❯❯▶ Connected to DB !!"}
{"level":"info","message":"log❯❯▶ Connected to DB !!"}
{"level":"info","message":"log❯❯▶ Connected to DB !!"}
{"level":"info","message":"log❯❯▶ Connected to DB !!"}
{"level":"info","message":"log❯❯▶ Connected to DB !!"}
{"level":"info","message":"log❯❯▶ Connected to DB !!"}
{"level":"info","message":"log❯❯▶ Connected to DB !!"}
{"level":"info","message":"log❯❯▶ Connected to DB !!"}
{"level":"info","message":"log❯❯▶ Connected to DB !!"}
{"level":"info","message":"log❯❯▶ Connected to DB !!"}
{"level":"info","message":"Wed Apr 20 2022 17:35:12 GMT+0700 (เวลาอินโดจีน) POST /auth/login 400 28 - 38.389 ms\n","meta":{"serverLogs":"server-logs"}}
{"level":"info","message":"Wed Apr 20 2022 17:35:27 GMT+0700 (เวลาอินโดจีน) GET /villager/getAll 200 616 - 5.841 ms\n","meta":{"serverLogs":"server-logs"}}
{"level":"info","message":"Wed Apr 20 2022 17:36:07 GMT+0700 (เวลาอินโดจีน) POST /auth/login 400 28 - 6.481 ms\n","meta":{"serverLogs":"server-logs"}}
{"level":"info","message":"log❯❯▶ Connected to DB !!"}
{"level":"info","message":"log❯❯▶ Connected to DB !!"}
{"level":"info","message":"log❯❯▶ Connected to DB !!"}
{"level":"info","message":"log❯❯▶ Connected to DB !!"}
{"level":"info","message":"log❯❯▶ Connected to DB !!"}
{"level":"info","message":"log❯❯▶ Connected to DB !!"}
{"level":"info","message":"log❯❯▶ Connected to DB !!"}
{"level":"info","message":"log❯❯▶ Connected to DB !!"}
{"level":"info","message":"log❯❯▶ Connected to DB !!"}
{"level":"info","message":"log❯❯▶ Connected to DB !!"}
{"level":"info","message":"log❯❯▶ Connected to DB !!"}
{"level":"info","message":"Wed Apr 20 2022 17:38:06 GMT+0700 (เวลาอินโดจีน) POST /auth/login 201 117 - 152.258 ms\n","meta":{"serverLogs":"server-logs"}}
{"level":"info","message":"log❯❯▶ Connected to DB !!"}
{"level":"info","message":"log❯❯▶ Connected to DB !!"}
{"level":"info","message":"log❯❯▶ Connected to DB !!"}
{"level":"info","message":"log❯❯▶ Connected to DB !!"}
{"level":"info","message":"log❯❯▶ Connected to DB !!"}
{"level":"info","message":"log❯❯▶ Connected to DB !!"}
{"level":"info","message":"log❯❯▶ Connected to DB !!"}
{"level":"info","message":"Wed Apr 20 2022 17:39:50 GMT+0700 (เวลาอินโดจีน) POST /auth/login 201 117 - 115.787 ms\n","meta":{"serverLogs":"server-logs"}}
{"0":{"location":"body","msg":"Invalid value","param":"email","value":"aunthasakDaeng.23@gmail"},"level":"error","message":"(..\\routes\\controller\\auth.js:65)❯❯▶"}
{"level":"info","message":"Wed Apr 20 2022 17:40:00 GMT+0700 (เวลาอินโดจีน) POST /auth/login 400 103 - 164.043 ms\n","meta":{"serverLogs":"server-logs"}}
{"level":"info","message":"Wed Apr 20 2022 17:40:05 GMT+0700 (เวลาอินโดจีน) POST /auth/login 400 28 - 18.355 ms\n","meta":{"serverLogs":"server-logs"}}
{"level":"info","message":"log❯❯▶ Connected to DB !!"}
{"level":"info","message":"log❯❯▶ Connected to DB !!"}
{"level":"info","message":"log❯❯▶ Connected to DB !!"}
{"level":"info","message":"log❯❯▶ Connected to DB !!"}
{"level":"info","message":"log❯❯▶ Connected to DB !!"}
{"level":"info","message":"log❯❯▶ Connected to DB !!"}
{"level":"info","message":"log❯❯▶ Connected to DB !!"}
{"level":"info","message":"log❯❯▶ Connected to DB !!"}
{"level":"info","message":"log❯❯▶ Connected to DB !!"}
{"level":"info","message":"Wed Apr 20 2022 17:41:29 GMT+0700 (เวลาอินโดจีน) POST /auth/login 400 28 - 49.201 ms\n","meta":{"serverLogs":"server-logs"}}
{"level":"info","message":"Wed Apr 20 2022 17:41:34 GMT+0700 (เวลาอินโดจีน) POST /auth/login 201 117 - 103.153 ms\n","meta":{"serverLogs":"server-logs"}}
{"level":"info","message":"log❯❯▶ Connected to DB !!"}
{"level":"info","message":"log❯❯▶ Connected to DB !!"}
{"level":"info","message":"log❯❯▶ Connected to DB !!"}
{"level":"info","message":"log❯❯▶ Connected to DB !!"}
{"level":"info","message":"log❯❯▶ Connected to DB !!"}
{"level":"info","message":"log❯❯▶ Connected to DB !!"}
{"level":"info","message":"log❯❯▶ Connected to DB !!"}
{"level":"info","message":"log❯❯▶ Connected to DB !!"}
{"level":"info","message":"log❯❯▶ Connected to DB !!"}
{"level":"info","message":"log❯❯▶ Connected to DB !!"}
{"level":"info","message":"log❯❯▶ Connected to DB !!"}
{"level":"info","message":"log❯❯▶ Connected to DB !!"}
{"level":"info","message":"log❯❯▶ Connected to DB !!"}
{"level":"info","message":"log❯❯▶ Connected to DB !!"}
{"level":"info","message":"log❯❯▶ Connected to DB !!"}
{"level":"info","message":"Wed Apr 20 2022 17:44:30 GMT+0700 (เวลาอินโดจีน) POST /auth/agentLogin 201 117 - 171.250 ms\n","meta":{"serverLogs":"server-logs"}}
{"level":"info","message":"log❯❯▶ Connected to DB !!"}
{"level":"info","message":"log❯❯▶ Connected to DB !!"}
{"level":"info","message":"log❯❯▶ Connected to DB !!"}
{"level":"info","message":"log❯❯▶ Connected to DB !!"}
{"level":"info","message":"Wed Apr 20 2022 17:45:25 GMT+0700 (เวลาอินโดจีน) POST /auth/villagerlogin 201 117 - 125.023 ms\n","meta":{"serverLogs":"server-logs"}}
{"level":"info","message":"log❯❯▶ Connected to DB !!"}
{"level":"info","message":"log❯❯▶ Connected to DB !!"}
{"level":"info","message":"log❯❯▶ Connected to DB !!"}
{"level":"info","message":"log❯❯▶ Connected to DB !!"}
{"level":"info","message":"log❯❯▶ Connected to DB !!"}
{"level":"info","message":"log❯❯▶ Connected to DB !!"}
{"level":"info","message":"log❯❯▶ Connected to DB !!"}
{"level":"info","message":"log❯❯▶ Connected to DB !!"}
{"level":"info","message":"log❯❯▶ Connected to DB !!"}
{"level":"info","message":"log❯❯▶ Connected to DB !!"}
{"level":"info","message":"log❯❯▶ Connected to DB !!"}
{"level":"info","message":"log❯❯▶ Connected to DB !!"}
{"level":"info","message":"log❯❯▶ Connected to DB !!"}
{"level":"info","message":"log❯❯▶ Connected to DB !!"}
{"level":"info","message":"log❯❯▶ Connected to DB !!"}
{"level":"info","message":"log❯❯▶ Connected to DB !!"}
{"level":"info","message":"log❯❯▶ Connected to DB !!"}
{"level":"info","message":"log❯❯▶ Connected to DB !!"}
{"level":"info","message":"log❯❯▶ Connected to DB !!"}
{"level":"info","message":"log❯❯▶ Connected to DB !!"}
{"level":"info","message":"log❯❯▶ Connected to DB !!"}
{"level":"info","message":"log❯❯▶ Connected to DB !!"}
{"level":"info","message":"log❯❯▶ Connected to DB !!"}
{"level":"info","message":"log❯❯▶ Connected to DB !!"}
{"level":"info","message":"log❯❯▶ Connected to DB !!"}
{"level":"info","message":"log❯❯▶ Connected to DB !!"}
{"level":"info","message":"log❯❯▶ Connected to DB !!"}
{"level":"info","message":"log❯❯▶ Connected to DB !!"}
{"level":"info","message":"log❯❯▶ Connected to DB !!"}
{"level":"info","message":"log❯❯▶ Connected to DB !!"}
{"level":"info","message":"log❯❯▶ Connected to DB !!"}
{"level":"info","message":"log❯❯▶ Connected to DB !!"}
{"level":"info","message":"log❯❯▶ Connected to DB !!"}
{"level":"info","message":"log❯❯▶ Connected to DB !!"}
{"level":"info","message":"log❯❯▶ Connected to DB !!"}
{"level":"info","message":"log❯❯▶ Connected to DB !!"}
{"level":"info","message":"log❯❯▶ Connected to DB !!"}
{"level":"info","message":"log❯❯▶ Connected to DB !!"}
{"level":"info","message":"log❯❯▶ Connected to DB !!"}
{"level":"info","message":"log❯❯▶ Connected to DB !!"}
{"level":"info","message":"log❯❯▶ Connected to DB !!"}
{"level":"info","message":"log❯❯▶ Connected to DB !!"}
{"level":"info","message":"log❯❯▶ Connected to DB !!"}
{"level":"info","message":"log❯❯▶ Connected to DB !!"}
{"level":"info","message":"log❯❯▶ Connected to DB !!"}
{"level":"info","message":"log❯❯▶ Connected to DB !!"}
{"level":"info","message":"log❯❯▶ Connected to DB !!"}
{"level":"info","message":"log❯❯▶ Connected to DB !!"}
{"level":"info","message":"log❯❯▶ Connected to DB !!"}
{"level":"info","message":"log❯❯▶ Connected to DB !!"}
{"level":"info","message":"log❯❯▶ Connected to DB !!"}
{"level":"info","message":"log❯❯▶ Connected to DB !!"}
{"level":"info","message":"log❯❯▶ Connected to DB !!"}
{"level":"info","message":"log❯❯▶ Connected to DB !!"}
{"level":"info","message":"log❯❯▶ Connected to DB !!"}
{"level":"info","message":"log❯❯▶ Connected to DB !!"}
{"level":"info","message":"log❯❯▶ Connected to DB !!"}
{"level":"info","message":"log❯❯▶ Connected to DB !!"}
{"level":"info","message":"log❯❯▶ Connected to DB !!"}
{"level":"info","message":"log❯❯▶ Connected to DB !!"}
{"level":"info","message":"log❯❯▶ Connected to DB !!"}
{"level":"info","message":"log❯❯▶ Connected to DB !!"}
{"level":"info","message":"log❯❯▶ Connected to DB !!"}
{"level":"info","message":"log❯❯▶ Connected to DB !!"}
{"level":"info","message":"log❯❯▶ Connected to DB !!"}
{"level":"info","message":"log❯❯▶ Connected to DB !!"}
{"level":"info","message":"log❯❯▶ Connected to DB !!"}
{"level":"info","message":"log❯❯▶ Connected to DB !!"}
{"level":"info","message":"log❯❯▶ Connected to DB !!"}
{"level":"info","message":"log❯❯▶ Connected to DB !!"}
{"level":"info","message":"log❯❯▶ Connected to DB !!"}
{"level":"info","message":"log❯❯▶ Connected to DB !!"}
{"level":"info","message":"log❯❯▶ Connected to DB !!"}
{"level":"info","message":"log❯❯▶ Connected to DB !!"}
{"level":"info","message":"log❯❯▶ Connected to DB !!"}
{"level":"info","message":"log❯❯▶ Connected to DB !!"}
{"level":"info","message":"log❯❯▶ Connected to DB !!"}
{"level":"info","message":"log❯❯▶ Connected to DB !!"}
{"0":{"location":"body","msg":"Invalid value","param":"age","value":"test"},"1":{"location":"body","msg":"Invalid value","param":"password"},"2":{"location":"body","msg":"Invalid value","param":"password"},"3":{"location":"body","msg":"Invalid value","param":"postalCode","value":"tttttt"},"level":"error","message":"(..\\routes\\controller\\auth.js:12)❯❯▶"}
{"level":"info","message":"Wed Apr 20 2022 17:55:06 GMT+0700 (เวลาอินโดจีน) POST /auth/villagerSignUp 400 284 - 91.096 ms\n","meta":{"serverLogs":"server-logs"}}
{"level":"info","message":"log❯❯▶ Connected to DB !!"}
{"level":"info","message":"log❯❯▶ Connected to DB !!"}
{"level":"info","message":"log❯❯▶ Connected to DB !!"}
{"level":"info","message":"Wed Apr 20 2022 17:57:02 GMT+0700 (เวลาอินโดจีน) POST /auth/villagerSignUp 403 38 - 38.563 ms\n","meta":{"serverLogs":"server-logs"}}
{"level":"info","message":"log❯❯▶ Connected to DB !!"}
{"level":"info","message":"log❯❯▶ Connected to DB !!"}
{"level":"info","message":"log❯❯▶ Connected to DB !!"}
{"level":"info","message":"log❯❯▶ Connected to DB !!"}
{"level":"info","message":"log❯❯▶ Connected to DB !!"}
{"level":"info","message":"Wed Apr 20 2022 17:57:59 GMT+0700 (เวลาอินโดจีน) POST /auth/villagerSignUp 403 38 - 44.864 ms\n","meta":{"serverLogs":"server-logs"}}
{"level":"info","message":"Wed Apr 20 2022 17:59:00 GMT+0700 (เวลาอินโดจีน) POST /auth/villagerSignUp 403 38 - 6.594 ms\n","meta":{"serverLogs":"server-logs"}}
{"level":"info","message":"log❯❯▶ Connected to DB !!"}
{"level":"info","message":"log❯❯▶ Connected to DB !!"}
{"level":"info","message":"log❯❯▶ Connected to DB !!"}
{"level":"info","message":"log❯❯▶ Connected to DB !!"}
{"level":"info","message":"log❯❯▶ Connected to DB !!"}
{"level":"info","message":"log❯❯▶ Connected to DB !!"}
{"level":"info","message":"log❯❯▶ Connected to DB !!"}
{"level":"info","message":"log❯❯▶ Connected to DB !!"}
{"level":"info","message":"log❯❯▶ Connected to DB !!"}
{"level":"info","message":"log❯❯▶ Connected to DB !!"}
{"level":"info","message":"log❯❯▶ Connected to DB !!"}
{"level":"info","message":"log❯❯▶ Connected to DB !!"}
{"level":"info","message":"log❯❯▶ Connected to DB !!"}
{"level":"info","message":"log❯❯▶ Connected to DB !!"}
{"level":"info","message":"log❯❯▶ Connected to DB !!"}
{"level":"info","message":"log❯❯▶ Connected to DB !!"}
{"level":"info","message":"log❯❯▶ Connected to DB !!"}
{"level":"info","message":"log❯❯▶ Connected to DB !!"}
{"level":"info","message":"log❯❯▶ Connected to DB !!"}
{"level":"info","message":"log❯❯▶ Connected to DB !!"}
{"level":"info","message":"log❯❯▶ Connected to DB !!"}
