{"level":"error","message":"Petitions is empty.","service":"user-service","timestamp":"2022-04-18T02:17:18.037Z"}
{"level":"error","message":"Petitions is empty.","service":"user-service","timestamp":"2022-04-18T02:17:26.815Z"}
{"level":"error","service":"user-service","timestamp":"2022-04-18T02:27:01.983Z"}
{"level":"error","service":"user-service","timestamp":"2022-04-18T02:32:48.433Z"}
{"level":"error","service":"user-service","timestamp":"2022-04-18T02:33:37.845Z"}
{"level":"error","service":"user-service","timestamp":"2022-04-18T02:39:54.360Z"}
{"level":"error","service":"user-service","timestamp":"2022-04-18T02:41:02.383Z"}
{"level":"error","service":"user-service","timestamp":"2022-04-18T02:41:52.891Z"}
{"level":"error","service":"user-service","timestamp":"2022-04-18T02:43:50.557Z"}
{"level":"error","service":"user-service","timestamp":"2022-04-18T02:47:12.048Z"}
{"level":"error","service":"user-service","timestamp":"2022-04-18T02:51:00.593Z"}
{"level":"error","message":[{"location":"body","msg":"Invalid value","param":"images"}],"service":"user-service","timestamp":"2022-04-18T03:15:46.147Z"}
{"level":"error","message":"Petitions is empty.","service":"user-service","timestamp":"2022-04-18T03:22:30.160Z"}
{"level":"error","service":"user-service","timestamp":"2022-04-18T03:26:00.699Z"}
{"level":"error","service":"user-service","timestamp":"2022-04-18T03:31:11.374Z"}
{"level":"error","service":"user-service","timestamp":"2022-04-18T03:32:40.616Z"}
{"level":"error","service":"user-service","timestamp":"2022-04-18T03:42:36.581Z"}
{"level":"error","service":"user-service","timestamp":"2022-04-18T04:49:36.350Z"}
{"level":"error","service":"user-service","timestamp":"2022-04-18T04:50:02.261Z"}
{"level":"error","service":"user-service","timestamp":"2022-04-18T05:01:04.890Z"}
{"level":"error","service":"user-service","timestamp":"2022-04-18T05:01:37.336Z"}
{"level":"error","service":"user-service","timestamp":"2022-04-18T05:15:22.179Z"}
{"level":"error","service":"user-service","timestamp":"2022-04-18T05:15:29.710Z"}
{"level":"error","service":"user-service","timestamp":"2022-04-18T07:22:28.816Z"}
{"level":"error","service":"user-service","timestamp":"2022-04-18T07:36:18.940Z"}
{"level":"error","service":"user-service","timestamp":"2022-04-18T07:41:14.339Z"}
{"level":"error","service":"user-service","timestamp":"2022-04-18T07:42:25.491Z"}
{"level":"error","service":"user-service","timestamp":"2022-04-18T08:00:49.351Z"}
{"level":"error","service":"user-service","timestamp":"2022-04-18T08:09:44.475Z"}
{"level":"error","message":"Petitions is empty.","service":"user-service","timestamp":"2022-04-18T08:24:57.146Z"}
{"level":"error","message":[{"location":"params","msg":"Invalid value","param":"agentId"},{"location":"params","msg":"Invalid value","param":"agentId"}],"service":"user-service","timestamp":"2022-04-18T08:26:28.078Z"}
{"level":"error","message":"Agents collection is empty.","service":"user-service","timestamp":"2022-04-18T08:26:57.546Z"}
{"level":"error","message":[{"location":"body","msg":"Invalid value","param":"phoneNum","value":"090000000"}],"service":"user-service","timestamp":"2022-04-18T08:27:39.511Z"}
{"level":"error","message":[{"location":"params","msg":"Invalid value","param":"agentId"},{"location":"params","msg":"Invalid value","param":"agentId"}],"service":"user-service","timestamp":"2022-04-18T08:28:06.667Z"}
{"level":"error","message":"Petitions is empty.","service":"user-service","timestamp":"2022-04-18T08:33:46.742Z"}
{"level":"error","message":"Petitions is empty.","service":"user-service","timestamp":"2022-04-18T08:35:08.373Z"}
{"level":"error","message":"Villagers collection is empty.","service":"user-service","timestamp":"2022-04-18T08:55:58.087Z"}
{"level":"error","message":"Petitions is empty.","service":"user-service","timestamp":"2022-04-18T09:04:21.364Z"}
{"level":"error","message":"Petitions is empty.","service":"user-service","timestamp":"2022-04-18T09:05:24.858Z"}
{"level":"error","message":"Petitions is empty.","service":"user-service","timestamp":"2022-04-18T09:05:27.363Z"}
{"level":"error","message":"Petitions is empty.","service":"user-service","timestamp":"2022-04-18T09:06:16.770Z"}
{"level":"error","service":"user-service","timestamp":"2022-04-18T09:13:44.415Z"}
{"level":"error","message":"Petitions is empty.","service":"user-service","timestamp":"2022-04-18T09:21:52.405Z"}
{"level":"error","message":"Petitions is empty.","service":"user-service","timestamp":"2022-04-18T09:24:12.023Z"}
{"level":"error","service":"user-service","timestamp":"2022-04-18T09:26:09.414Z"}
{"level":"error","service":"user-service","timestamp":"2022-04-18T09:27:15.278Z"}
{"level":"error","service":"user-service","timestamp":"2022-04-18T09:28:58.826Z"}
{"level":"error","message":"Petitions is empty.","service":"user-service","timestamp":"2022-04-18T09:30:02.346Z"}
{"level":"error","service":"user-service","timestamp":"2022-04-18T09:43:28.452Z"}
{"level":"error","message":"Petitions is empty.","service":"user-service","timestamp":"2022-04-18T09:54:33.406Z"}
{"level":"error","message":"30 not found","service":"user-service","timestamp":"2022-04-19T04:43:20.384Z"}
{"level":"error","message":[{"location":"query","msg":"Invalid value","param":"status"}],"service":"user-service","timestamp":"2022-04-19T04:49:13.674Z"}
{"level":"error","message":[{"location":"query","msg":"Invalid value","param":"status"}],"service":"user-service","timestamp":"2022-04-19T04:49:42.809Z"}
{"level":"error","message":[{"location":"query","msg":"Invalid value","param":"status"}],"service":"user-service","timestamp":"2022-04-19T04:49:58.401Z"}
{"level":"error","message":[{"location":"query","msg":"Invalid value","param":"status"}],"service":"user-service","timestamp":"2022-04-19T04:51:27.216Z"}
{"level":"error","message":[{"location":"query","msg":"Invalid value","param":"status"}],"service":"user-service","timestamp":"2022-04-19T04:51:42.459Z"}
{"level":"error","message":[{"location":"query","msg":"Invalid value","param":"status"}],"service":"user-service","timestamp":"2022-04-19T04:51:59.677Z"}
{"level":"error","message":[{"location":"query","msg":"Invalid value","param":"status"}],"service":"user-service","timestamp":"2022-04-19T04:52:28.484Z"}
{"level":"error","message":[{"location":"query","msg":"Invalid value","param":"status"}],"service":"user-service","timestamp":"2022-04-19T04:52:56.862Z"}
{"level":"error","message":[{"location":"query","msg":"Invalid value","param":"status"}],"service":"user-service","timestamp":"2022-04-19T04:52:59.016Z"}
{"level":"error","service":"user-service","timestamp":"2022-04-19T04:58:17.393Z"}
{"level":"error","service":"user-service","timestamp":"2022-04-19T05:00:16.262Z"}
{"level":"error","message":"ttt not found.","service":"user-service","timestamp":"2022-04-19T05:00:46.152Z"}
{"level":"error","message":[{"location":"params","msg":"Invalid value","param":"id"},{"location":"params","msg":"Invalid value","param":"id"}],"service":"user-service","timestamp":"2022-04-19T05:11:43.379Z"}
{"level":"error","service":"user-service","timestamp":"2022-04-19T05:14:50.282Z"}
{"level":"error","service":"user-service","timestamp":"2022-04-19T05:17:10.459Z"}
{"level":"error","service":"user-service","timestamp":"2022-04-19T05:18:52.296Z"}
{"level":"error","service":"user-service","timestamp":"2022-04-19T05:18:56.435Z"}
{"level":"error","service":"user-service","timestamp":"2022-04-19T05:19:17.645Z"}
{"level":"error","message":[{"location":"params","msg":"Invalid value","param":"id","value":"625d21056ad082b81028cf76624fdb172c238ba9c0261c66"}],"service":"user-service","timestamp":"2022-04-19T05:21:38.811Z"}
{"level":"error","service":"user-service","timestamp":"2022-04-19T05:25:24.218Z"}
{"level":"error","service":"user-service","timestamp":"2022-04-19T05:27:54.163Z"}
{"level":"error","service":"user-service","timestamp":"2022-04-19T07:13:51.945Z"}
{"level":"error","message":[{"location":"body","msg":"Invalid value","param":"status"}],"service":"user-service","timestamp":"2022-04-19T07:14:30.088Z"}
{"level":"error","service":"user-service","timestamp":"2022-04-19T07:19:08.103Z"}
{"level":"error","service":"user-service","timestamp":"2022-04-19T07:19:36.727Z"}
{"level":"error","service":"user-service","timestamp":"2022-04-19T07:32:10.274Z"}
{"level":"error","service":"user-service","timestamp":"2022-04-19T07:32:48.332Z"}
{"level":"error","service":"user-service","timestamp":"2022-04-19T07:34:04.202Z"}
{"level":"error","service":"user-service","timestamp":"2022-04-19T07:34:43.205Z"}
{"level":"error","message":[{"location":"params","msg":"Invalid value","param":"id","value":"{id}"}],"service":"user-service","timestamp":"2022-04-19T07:36:12.528Z"}
{"level":"error","service":"user-service","timestamp":"2022-04-19T07:37:22.576Z"}
{"level":"error","service":"user-service","timestamp":"2022-04-19T07:41:34.291Z"}
{"level":"error","service":"user-service","timestamp":"2022-04-19T07:41:41.364Z"}
{"level":"error","service":"user-service","timestamp":"2022-04-19T07:42:26.031Z"}
{"level":"error","service":"user-service","timestamp":"2022-04-19T07:42:28.966Z"}
{"level":"error","message":[{"location":"params","msg":"Invalid value","param":"id","value":"{id}"}],"service":"user-service","timestamp":"2022-04-19T07:48:18.739Z"}
{"level":"error","service":"user-service","timestamp":"2022-04-19T07:48:23.426Z"}
{"level":"error","message":" test not found.","service":"user-service","timestamp":"2022-04-19T07:50:49.072Z"}
{"level":"error","message":" test not found.","service":"user-service","timestamp":"2022-04-19T07:51:00.077Z"}
{"level":"error","message":" test not found.","service":"user-service","timestamp":"2022-04-19T07:51:12.368Z"}
{"level":"error","message":"625d343fe39c93608df7ed95 not found.","service":"user-service","timestamp":"2022-04-19T08:06:13.849Z"}
{"level":"error","service":"user-service","timestamp":"2022-04-19T09:19:20.189Z"}
{"level":"error","service":"user-service","timestamp":"2022-04-19T09:19:37.382Z"}
{"level":"error","service":"user-service","timestamp":"2022-04-19T09:21:38.667Z"}
{"level":"error","service":"user-service","timestamp":"2022-04-19T09:22:19.267Z"}
{"level":"error","service":"user-service","timestamp":"2022-04-19T09:22:37.365Z"}
{"level":"error","service":"user-service","timestamp":"2022-04-19T09:22:51.489Z"}
{"level":"error","service":"user-service","timestamp":"2022-04-19T09:24:56.121Z"}
{"level":"error","service":"user-service","timestamp":"2022-04-19T09:25:24.174Z"}
{"level":"error","message":"Petitions is empty.","service":"user-service","timestamp":"2022-04-19T09:26:59.429Z"}
